527  [main] INFO  ru.greg3d.TestBase - >>> @Test SuiteSetup
7240 [main] INFO  ru.greg3d.TracingWebDriver - Init tracer for Build info: version: '2.51.0', revision: '1af067dbcaedd7d2ab9af5151fc471d363d97193', time: '2016-02-05 11:20:57', driver org.openqa.selenium.support.events.EventFiringWebDriver
7246 [main] INFO  ru.greg3d.TestBase - <<< @Test SuiteSetup
7274 [main] INFO  ru.greg3d.TestBase - >>> @Test DoLoginTest
7274 [main] DEBUG ru.greg3d.TracingWebDriver - get()
7274 [main] DEBUG ru.greg3d.TracingWebDriver - get(http://localhost/php4dvd/)
7363 [main] DEBUG Browser - [2016-02-17T14:45:40+0300] [INFO] Could not read chrome manifest 'file:///C:/Program%20Files%20(x86)/Mozilla%20Firefox/chrome.manifest'.

7363 [main] DEBUG Browser - [2016-02-17T14:45:40+0300] [INFO] 1455709539032	addons.manager	DEBUG	Application has been upgraded

7363 [main] DEBUG Browser - [2016-02-17T14:45:40+0300] [INFO] 1455709539060	addons.manager	DEBUG	Loaded provider scope for resource://gre/modules/addons/XPIProvider.jsm: ["XPIProvider"]

7363 [main] DEBUG Browser - [2016-02-17T14:45:40+0300] [INFO] 1455709539062	addons.manager	DEBUG	Loaded provider scope for resource://gre/modules/LightweightThemeManager.jsm: ["LightweightThemeManager"]

7364 [main] DEBUG Browser - [2016-02-17T14:45:40+0300] [INFO] 1455709539065	addons.manager	DEBUG	Loaded provider scope for resource://gre/modules/addons/GMPProvider.jsm

7364 [main] DEBUG Browser - [2016-02-17T14:45:40+0300] [INFO] 1455709539067	addons.manager	DEBUG	Loaded provider scope for resource://gre/modules/addons/PluginProvider.jsm

7364 [main] DEBUG Browser - [2016-02-17T14:45:40+0300] [INFO] 1455709539067	addons.manager	DEBUG	Starting provider: XPIProvider

7364 [main] DEBUG Browser - [2016-02-17T14:45:40+0300] [INFO] 1455709539067	addons.xpi	DEBUG	startup

7364 [main] DEBUG Browser - [2016-02-17T14:45:40+0300] [INFO] 1455709539069	addons.xpi	INFO	Mapping fxdriver@googlecode.com to C:\Users\greg3d\AppData\Local\Temp\anonymous6274778557752852035webdriver-profile\extensions\fxdriver@googlecode.com

7364 [main] DEBUG Browser - [2016-02-17T14:45:40+0300] [INFO] 1455709539069	addons.xpi	DEBUG	Ignoring file entry whose name is not a valid add-on ID: C:\Users\greg3d\AppData\Local\Temp\anonymous6274778557752852035webdriver-profile\extensions\webdriver-staging

7364 [main] DEBUG Browser - [2016-02-17T14:45:40+0300] [INFO] 1455709539070	addons.xpi	INFO	SystemAddonInstallLocation directory is missing

7364 [main] DEBUG Browser - [2016-02-17T14:45:40+0300] [INFO] 1455709539071	addons.xpi	INFO	Mapping {972ce4c6-7e08-4474-a285-3208198ce6fd} to C:\Program Files (x86)\Mozilla Firefox\browser\extensions\{972ce4c6-7e08-4474-a285-3208198ce6fd}

7364 [main] DEBUG Browser - [2016-02-17T14:45:40+0300] [INFO] 1455709539072	addons.xpi	DEBUG	Skipping unavailable install location app-system-share

7364 [main] DEBUG Browser - [2016-02-17T14:45:40+0300] [INFO] 1455709539072	addons.xpi	DEBUG	Skipping unavailable install location app-system-local

7365 [main] DEBUG Browser - [2016-02-17T14:45:40+0300] [INFO] 1455709539072	addons.xpi	WARN	Ignoring missing add-on in C:\Users\greg3d\AppData\Roaming\Mozilla\Firefox\Profiles\3u2467iu.default-1395048282005\extensions\quick_start@gmail.com

7365 [main] DEBUG Browser - [2016-02-17T14:45:40+0300] [INFO] 1455709539072	addons.xpi	WARN	Ignoring missing add-on in C:\Users\greg3d\AppData\Roaming\Mozilla\Firefox\Profiles\3u2467iu.default-1395048282005\extensions\faststartff@gmail.com

7365 [main] DEBUG Browser - [2016-02-17T14:45:40+0300] [INFO] 1455709539072	addons.xpi	WARN	Ignoring missing add-on in C:\Program Files (x86)\Mozilla Firefox\extensions\termtutor@termtutor.com

7365 [main] DEBUG Browser - [2016-02-17T14:45:40+0300] [INFO] 1455709539073	addons.xpi	DEBUG	checkForChanges

7365 [main] DEBUG Browser - [2016-02-17T14:45:40+0300] [INFO] 1455709539073	addons.xpi	DEBUG	Loaded add-on state from prefs: {}

7365 [main] DEBUG Browser - [2016-02-17T14:45:40+0300] [INFO] 1455709539074	addons.xpi	DEBUG	New add-on fxdriver@googlecode.com in app-profile

7365 [main] DEBUG Browser - [2016-02-17T14:45:40+0300] [INFO] 1455709539074	addons.xpi	DEBUG	getModTime: Recursive scan of fxdriver@googlecode.com

7365 [main] DEBUG Browser - [2016-02-17T14:45:40+0300] [INFO] 1455709539079	addons.xpi	DEBUG	New add-on {972ce4c6-7e08-4474-a285-3208198ce6fd} in app-global

7365 [main] DEBUG Browser - [2016-02-17T14:45:40+0300] [INFO] 1455709539079	addons.xpi	DEBUG	getModTime: Recursive scan of {972ce4c6-7e08-4474-a285-3208198ce6fd}

7366 [main] DEBUG Browser - [2016-02-17T14:45:40+0300] [INFO] 1455709539080	addons.xpi	DEBUG	getInstallState changed: true, state: {"app-profile":{"fxdriver@googlecode.com":{"d":"C:\\Users\\greg3d\\AppData\\Local\\Temp\\anonymous6274778557752852035webdriver-profile\\extensions\\fxdriver@googlecode.com","st":1455709537403,"mt":1455709537340}},"app-global":{"{972ce4c6-7e08-4474-a285-3208198ce6fd}":{"d":"C:\\Program Files (x86)\\Mozilla Firefox\\browser\\extensions\\{972ce4c6-7e08-4474-a285-3208198ce6fd}","st":1455528240179,"mt":1455528239958}}}

7366 [main] DEBUG Browser - [2016-02-17T14:45:40+0300] [INFO] 1455709539089	addons.xpi-utils	DEBUG	Opening XPI database C:\Users\greg3d\AppData\Local\Temp\anonymous6274778557752852035webdriver-profile\extensions.json

7366 [main] DEBUG Browser - [2016-02-17T14:45:40+0300] [INFO] 1455709539090	addons.xpi-utils	DEBUG	New add-on fxdriver@googlecode.com installed in app-profile

7366 [main] DEBUG Browser - [2016-02-17T14:45:40+0300] [INFO] Blocklist::_loadBlocklistFromFile: blocklist is disabled

7366 [main] DEBUG Browser - [2016-02-17T14:45:40+0300] [INFO] 1455709539250	DeferredSave.extensions.json	DEBUG	Save changes

7366 [main] DEBUG Browser - [2016-02-17T14:45:40+0300] [INFO] 1455709539252	addons.xpi-utils	DEBUG	New add-on {972ce4c6-7e08-4474-a285-3208198ce6fd} installed in app-global

7366 [main] DEBUG Browser - [2016-02-17T14:45:40+0300] [INFO] 1455709539264	DeferredSave.extensions.json	DEBUG	Starting timer

7366 [main] DEBUG Browser - [2016-02-17T14:45:40+0300] [INFO] 1455709539265	DeferredSave.extensions.json	DEBUG	Save changes

7366 [main] DEBUG Browser - [2016-02-17T14:45:40+0300] [INFO] 1455709539265	addons.xpi-utils	INFO	Hiding the updated system add-ons.

7366 [main] DEBUG Browser - [2016-02-17T14:45:40+0300] [INFO] 1455709539266	addons.manager	DEBUG	Registering startup change 'installed' for fxdriver@googlecode.com

7367 [main] DEBUG Browser - [2016-02-17T14:45:40+0300] [INFO] 1455709539266	addons.xpi-utils	DEBUG	Make addon app-profile:fxdriver@googlecode.com visible

7367 [main] DEBUG Browser - [2016-02-17T14:45:40+0300] [INFO] 1455709539266	DeferredSave.extensions.json	DEBUG	Save changes

7367 [main] DEBUG Browser - [2016-02-17T14:45:40+0300] [INFO] 1455709539266	addons.xpi-utils	DEBUG	Make addon app-global:{972ce4c6-7e08-4474-a285-3208198ce6fd} visible

7367 [main] DEBUG Browser - [2016-02-17T14:45:40+0300] [INFO] 1455709539266	DeferredSave.extensions.json	DEBUG	Save changes

7367 [main] DEBUG Browser - [2016-02-17T14:45:40+0300] [INFO] 1455709539266	addons.xpi	DEBUG	Updating XPIState for {"id":"fxdriver@googlecode.com","syncGUID":"NXNgryWVT90i","location":"app-profile","version":"2.51.0","type":"extension","internalName":null,"updateURL":null,"updateKey":null,"optionsURL":null,"optionsType":null,"aboutURL":null,"icons":{},"iconURL":null,"icon64URL":null,"defaultLocale":{"name":"Firefox WebDriver","description":"WebDriver implementation for Firefox","creator":"Simon Stewart","homepageURL":null},"visible":true,"active":true,"userDisabled":false,"appDisabled":false,"descriptor":"C:\\Users\\greg3d\\AppData\\Local\\Temp\\anonymous6274778557752852035webdriver-profile\\extensions\\fxdriver@googlecode.com","installDate":1455709537403,"updateDate":1455709537403,"applyBackgroundUpdates":1,"bootstrap":false,"size":3235247,"sourceURI":null,"releaseNotesURI":null,"softDisabled":false,"foreignInstall":true,"hasBinaryComponents":true,"strictCompatibility":false,"locales":[],"targetApplications":[{"id":"{ec8030f7-c20a-464f-9b0e-13a3a9e97384}","minVersion":"3.0","maxVersion":"47.0"}],"targetPlatforms":[{"os":"Darwin","abi":null},{"os":"SunOS","abi":null},{"os":"FreeBSD","abi":null},{"os":"OpenBSD","abi":null},{"os":"WINNT","abi":"x86-msvc"},{"os":"Linux","abi":null}],"multiprocessCompatible":false,"signedState":0}

7367 [main] DEBUG Browser - [2016-02-17T14:45:40+0300] [INFO] 1455709539267	addons.xpi	DEBUG	getModTime: Recursive scan of fxdriver@googlecode.com

7367 [main] DEBUG Browser - [2016-02-17T14:45:40+0300] [INFO] 1455709539270	addons.xpi	DEBUG	Updating XPIState for {"id":"{972ce4c6-7e08-4474-a285-3208198ce6fd}","syncGUID":"y1nj8ov7uJLv","location":"app-global","version":"44.0.2","type":"theme","internalName":"classic/1.0","updateURL":null,"updateKey":null,"optionsURL":null,"optionsType":null,"aboutURL":null,"icons":{"32":"icon.png","48":"icon.png"},"iconURL":null,"icon64URL":null,"defaultLocale":{"name":"Default","description":"The default theme.","creator":"Mozilla","homepageURL":null,"contributors":["Mozilla Contributors"]},"visible":true,"active":true,"userDisabled":false,"appDisabled":false,"descriptor":"C:\\Program Files (x86)\\Mozilla Firefox\\browser\\extensions\\{972ce4c6-7e08-4474-a285-3208198ce6fd}","installDate":1455528240179,"updateDate":1455528240179,"applyBackgroundUpdates":1,"skinnable":true,"size":24172,"sourceURI":null,"releaseNotesURI":null,"softDisabled":false,"foreignInstall":false,"hasBinaryComponents":false,"strictCompatibility":true,"locales":[],"targetApplications":[{"id":"{ec8030f7-c20a-464f-9b0e-13a3a9e97384}","minVersion":"44.0.2","maxVersion":"44.0.2"}],"targetPlatforms":[]}

7367 [main] DEBUG Browser - [2016-02-17T14:45:40+0300] [INFO] 1455709539270	addons.xpi	DEBUG	getModTime: Recursive scan of {972ce4c6-7e08-4474-a285-3208198ce6fd}

7367 [main] DEBUG Browser - [2016-02-17T14:45:40+0300] [INFO] 1455709539270	DeferredSave.extensions.json	DEBUG	Save changes

7368 [main] DEBUG Browser - [2016-02-17T14:45:40+0300] [INFO] 1455709539271	addons.xpi	DEBUG	Updating database with changes to installed add-ons

7368 [main] DEBUG Browser - [2016-02-17T14:45:40+0300] [INFO] 1455709539271	addons.xpi-utils	DEBUG	Updating add-on states

7368 [main] DEBUG Browser - [2016-02-17T14:45:40+0300] [INFO] 1455709539271	addons.xpi-utils	DEBUG	Writing add-ons list

7368 [main] DEBUG Browser - [2016-02-17T14:45:40+0300] [INFO] 1455709539286	addons.manager	DEBUG	Registering shutdown blocker for XPIProvider

7368 [main] DEBUG Browser - [2016-02-17T14:45:40+0300] [INFO] 1455709539286	addons.manager	DEBUG	Provider finished startup: XPIProvider

7368 [main] DEBUG Browser - [2016-02-17T14:45:40+0300] [INFO] 1455709539286	addons.manager	DEBUG	Starting provider: LightweightThemeManager

7368 [main] DEBUG Browser - [2016-02-17T14:45:40+0300] [INFO] 1455709539286	addons.manager	DEBUG	Registering shutdown blocker for LightweightThemeManager

7368 [main] DEBUG Browser - [2016-02-17T14:45:40+0300] [INFO] 1455709539287	addons.manager	DEBUG	Provider finished startup: LightweightThemeManager

7368 [main] DEBUG Browser - [2016-02-17T14:45:40+0300] [INFO] 1455709539287	addons.manager	DEBUG	Starting provider: GMPProvider

7368 [main] DEBUG Browser - [2016-02-17T14:45:40+0300] [INFO] 1455709539293	addons.manager	DEBUG	Registering shutdown blocker for GMPProvider

7369 [main] DEBUG Browser - [2016-02-17T14:45:40+0300] [INFO] 1455709539293	addons.manager	DEBUG	Provider finished startup: GMPProvider

7369 [main] DEBUG Browser - [2016-02-17T14:45:40+0300] [INFO] 1455709539293	addons.manager	DEBUG	Starting provider: PluginProvider

7369 [main] DEBUG Browser - [2016-02-17T14:45:40+0300] [INFO] 1455709539293	addons.manager	DEBUG	Registering shutdown blocker for PluginProvider

7369 [main] DEBUG Browser - [2016-02-17T14:45:40+0300] [INFO] 1455709539293	addons.manager	DEBUG	Provider finished startup: PluginProvider

7369 [main] DEBUG Browser - [2016-02-17T14:45:40+0300] [INFO] 1455709539293	addons.manager	DEBUG	Completed startup sequence

7369 [main] DEBUG Browser - [2016-02-17T14:45:40+0300] [WARNING] Trying to re-register CID '{e26dbdcd-d3ba-4ded-88c3-6cb07ee3e9e0}' already registered by file:///C:/Users/greg3d/AppData/Local/Temp/anonymous6274778557752852035webdriver-profile/extensions/fxdriver@googlecode.com/components/prompt-service.js.
7369 [main] DEBUG Browser - [2016-02-17T14:45:40+0300] [WARNING] Only application manifests may use the 'binary-component' directive.
7369 [main] DEBUG Browser - [2016-02-17T14:45:40+0300] [INFO] While creating services from category 'profile-after-change', could not create service for entry 'Sapi Speech Synth', contract ID '@mozilla.org/synthsapi;1'

7369 [main] DEBUG Browser - [2016-02-17T14:45:40+0300] [INFO] 1455709539476	Toolkit.Telemetry	ERROR	ClientID::getCachedClientID - invalid client id in preferences, resetting: null
7370 [main] DEBUG Browser - [2016-02-17T14:45:40+0300] [INFO] 1455709539483	Toolkit.Telemetry	ERROR	ClientID::getCachedClientID - invalid client id in preferences, resetting: null
7370 [main] DEBUG Browser - [2016-02-17T14:45:40+0300] [INFO] 1455709539844	addons.manager	DEBUG	Starting provider: <unnamed-provider>

7370 [main] DEBUG Browser - [2016-02-17T14:45:40+0300] [INFO] 1455709539844	addons.manager	DEBUG	Registering shutdown blocker for <unnamed-provider>

7370 [main] DEBUG Browser - [2016-02-17T14:45:40+0300] [INFO] 1455709539845	addons.manager	DEBUG	Provider finished startup: <unnamed-provider>

7370 [main] DEBUG Browser - [2016-02-17T14:45:40+0300] [INFO] Warning: unrecognized command line flag -foreground

7370 [main] DEBUG Browser - [2016-02-17T14:45:40+0300] [INFO] 1455709539953	DeferredSave.extensions.json	DEBUG	Starting write

7370 [main] DEBUG Browser - [2016-02-17T14:45:40+0300] [INFO] 1455709540346	addons.repository	DEBUG	No addons.json found.

7370 [main] DEBUG Browser - [2016-02-17T14:45:40+0300] [INFO] 1455709540346	DeferredSave.addons.json	DEBUG	Save changes

7370 [main] DEBUG Browser - [2016-02-17T14:45:40+0300] [INFO] 1455709540348	DeferredSave.addons.json	DEBUG	Starting timer

7370 [main] DEBUG Browser - [2016-02-17T14:45:40+0300] [INFO] 1455709540362	addons.manager	DEBUG	Starting provider: PreviousExperimentProvider

7371 [main] DEBUG Browser - [2016-02-17T14:45:40+0300] [INFO] 1455709540362	addons.manager	DEBUG	Registering shutdown blocker for PreviousExperimentProvider

7371 [main] DEBUG Browser - [2016-02-17T14:45:40+0300] [INFO] 1455709540362	addons.manager	DEBUG	Provider finished startup: PreviousExperimentProvider

7371 [main] DEBUG Browser - [2016-02-17T14:45:40+0300] [INFO] 1455709540549	DeferredSave.extensions.json	DEBUG	Write succeeded

7371 [main] DEBUG Browser - [2016-02-17T14:45:40+0300] [INFO] 1455709540550	addons.xpi-utils	DEBUG	XPI Database saved, setting schema version preference to 17

7371 [main] DEBUG Browser - [2016-02-17T14:45:40+0300] [INFO] 1455709540551	DeferredSave.addons.json	DEBUG	Starting write

7371 [main] DEBUG Browser - [2016-02-17T14:45:41+0300] [INFO] 1455709541874	DeferredSave.addons.json	DEBUG	Write succeeded

8937 [main] DEBUG ru.greg3d.TracingWebDriver - get(...) = null
8938 [main] DEBUG ru.greg3d.TracingWebDriver - findElement()
8938 [main] DEBUG ru.greg3d.TracingWebDriver - findElement(By.id: username)
9041 [main] DEBUG Browser - [2016-02-17T14:45:43+0300] [WARNING] Неизвестное свойство «zoom».  Потерянное объявление.
9041 [main] DEBUG Browser - [2016-02-17T14:45:43+0300] [WARNING] Ожидалось «none», «URL» или функция фильтра, но найдено «chroma(».  Ошибка при парсинге значения «filter».  Потерянное объявление.
9041 [main] DEBUG Browser - [2016-02-17T14:45:43+0300] [WARNING] Ожидалось «none», «URL» или функция фильтра, но найдено «Alpha(».  Ошибка при парсинге значения «filter».  Потерянное объявление.
9042 [main] DEBUG Browser - [2016-02-17T14:45:43+0300] [WARNING] Неизвестное свойство «zoom».  Потерянное объявление.
9042 [main] DEBUG Browser - [2016-02-17T14:45:43+0300] [WARNING] Неизвестное свойство «zoom».  Потерянное объявление.
9042 [main] DEBUG Browser - [2016-02-17T14:45:43+0300] [WARNING] Неизвестное свойство «zoom».  Потерянное объявление.
9042 [main] DEBUG Browser - [2016-02-17T14:45:43+0300] [WARNING] Неизвестное свойство «zoom».  Потерянное объявление.
9042 [main] DEBUG Browser - [2016-02-17T14:45:43+0300] [WARNING] Неизвестное свойство «zoom».  Потерянное объявление.
9042 [main] DEBUG Browser - [2016-02-17T14:45:43+0300] [WARNING] Ожидалось «none», «URL» или функция фильтра, но найдено «mask(».  Ошибка при парсинге значения «filter».  Потерянное объявление.
9043 [main] DEBUG Browser - [2016-02-17T14:45:43+0300] [WARNING] Неизвестное свойство «zoom».  Потерянное объявление.
9043 [main] DEBUG Browser - [2016-02-17T14:45:43+0300] [WARNING] Неизвестное свойство «zoom».  Потерянное объявление.
9043 [main] DEBUG Browser - [2016-02-17T14:45:43+0300] [WARNING] Ожидалось «none», «URL» или функция фильтра, но найдено «Alpha(».  Ошибка при парсинге значения «filter».  Потерянное объявление.
9043 [main] DEBUG Browser - [2016-02-17T14:45:43+0300] [WARNING] Ожидалось «none», «URL» или функция фильтра, но найдено «Alpha(».  Ошибка при парсинге значения «filter».  Потерянное объявление.
9043 [main] DEBUG Browser - [2016-02-17T14:45:43+0300] [WARNING] Неизвестное свойство «-moz-border-radius-topleft».  Потерянное объявление.
9043 [main] DEBUG Browser - [2016-02-17T14:45:43+0300] [WARNING] Неизвестное свойство «-moz-border-radius-topright».  Потерянное объявление.
9043 [main] DEBUG Browser - [2016-02-17T14:45:43+0300] [WARNING] Неизвестное свойство «-moz-border-radius-bottomleft».  Потерянное объявление.
9043 [main] DEBUG Browser - [2016-02-17T14:45:43+0300] [WARNING] Неизвестное свойство «-moz-border-radius-bottomright».  Потерянное объявление.
9043 [main] DEBUG Browser - [2016-02-17T14:45:43+0300] [WARNING] Ожидалось «none», «URL» или функция фильтра, но найдено «Alpha(».  Ошибка при парсинге значения «filter».  Потерянное объявление.
9043 [main] DEBUG Browser - [2016-02-17T14:45:43+0300] [WARNING] Ожидалось «none», «URL» или функция фильтра, но найдено «Alpha(».  Ошибка при парсинге значения «filter».  Потерянное объявление.
9044 [main] DEBUG Browser - [2016-02-17T14:45:43+0300] [WARNING] Неизвестное свойство «-moz-border-radius».  Потерянное объявление.
9136 [main] DEBUG ru.greg3d.TracingWebDriver - findElement(...) = [[FirefoxDriver: firefox on WINDOWS (cfdc4e20-ceec-44d9-918b-9c566692bac9)] -> id: username]
9212 [main] DEBUG ru.greg3d.events.WebEventListener - beforeChangeValueOf: '[[FirefoxDriver: firefox on WINDOWS (cfdc4e20-ceec-44d9-918b-9c566692bac9)] -> id: username]'
9328 [main] DEBUG ru.greg3d.events.WebEventListener - afterChangeValueOf: '[[FirefoxDriver: firefox on WINDOWS (cfdc4e20-ceec-44d9-918b-9c566692bac9)] -> id: username]'
9353 [main] DEBUG ru.greg3d.events.WebEventListener - beforeChangeValueOf: '[[FirefoxDriver: firefox on WINDOWS (cfdc4e20-ceec-44d9-918b-9c566692bac9)] -> id: username]'
9445 [main] DEBUG ru.greg3d.events.WebEventListener - afterChangeValueOf: '[[FirefoxDriver: firefox on WINDOWS (cfdc4e20-ceec-44d9-918b-9c566692bac9)] -> id: username]'admin
9445 [main] DEBUG ru.greg3d.TracingWebDriver - findElement()
9445 [main] DEBUG ru.greg3d.TracingWebDriver - findElement(By.name: password)
9462 [main] DEBUG Browser - [2016-02-17T14:45:44+0300] [WARNING] Метод getAttributeNode() является устаревшим. Для его замены используйте метод getAttribute().
9463 [main] DEBUG Browser - [2016-02-17T14:45:44+0300] [WARNING] Метод getPreventDefault() является устаревшим. Для его замены используйте метод defaultPrevented.
9463 [main] DEBUG Browser - [2016-02-17T14:45:44+0300] [WARNING] Данный Key event недоступен при использовании некоторых раскладок клавиатуры: ключ=«c» модификаторы=«accel,alt»
9463 [main] DEBUG Browser - [2016-02-17T14:45:44+0300] [WARNING] Данный Key event недоступен при использовании некоторых раскладок клавиатуры: ключ=«i» модификаторы=«accel,alt,shift»
9583 [main] DEBUG ru.greg3d.TracingWebDriver - findElement(...) = [[FirefoxDriver: firefox on WINDOWS (cfdc4e20-ceec-44d9-918b-9c566692bac9)] -> name: password]
9607 [main] DEBUG ru.greg3d.events.WebEventListener - beforeChangeValueOf: '[[FirefoxDriver: firefox on WINDOWS (cfdc4e20-ceec-44d9-918b-9c566692bac9)] -> name: password]'
9694 [main] DEBUG ru.greg3d.events.WebEventListener - afterChangeValueOf: '[[FirefoxDriver: firefox on WINDOWS (cfdc4e20-ceec-44d9-918b-9c566692bac9)] -> name: password]'
9719 [main] DEBUG ru.greg3d.events.WebEventListener - beforeChangeValueOf: '[[FirefoxDriver: firefox on WINDOWS (cfdc4e20-ceec-44d9-918b-9c566692bac9)] -> name: password]'
9843 [main] DEBUG ru.greg3d.events.WebEventListener - afterChangeValueOf: '[[FirefoxDriver: firefox on WINDOWS (cfdc4e20-ceec-44d9-918b-9c566692bac9)] -> name: password]'admin
9843 [main] DEBUG ru.greg3d.TracingWebDriver - findElement()
9843 [main] DEBUG ru.greg3d.TracingWebDriver - findElement(By.name: submit)
9890 [main] DEBUG ru.greg3d.TracingWebDriver - findElement(...) = [[FirefoxDriver: firefox on WINDOWS (cfdc4e20-ceec-44d9-918b-9c566692bac9)] -> name: submit]
9890 [main] DEBUG ru.greg3d.events.WebEventListener - beforeClickOn '[[FirefoxDriver: firefox on WINDOWS (cfdc4e20-ceec-44d9-918b-9c566692bac9)] -> name: submit]'
10848 [main] DEBUG ru.greg3d.events.WebEventListener - afterClickOn '[[FirefoxDriver: firefox on WINDOWS (cfdc4e20-ceec-44d9-918b-9c566692bac9)] -> name: submit]'
11052 [main] DEBUG ru.greg3d.TracingWebDriver - getCurrentUrl()
11054 [main] DEBUG ru.greg3d.TracingWebDriver - getCurrentUrl()
11077 [main] DEBUG Browser - [2016-02-17T14:45:45+0300] [WARNING] Ожидалось «none», «URL» или функция фильтра, но найдено «Alpha(».  Ошибка при парсинге значения «filter».  Потерянное объявление.
11078 [main] DEBUG Browser - [2016-02-17T14:45:45+0300] [WARNING] Неизвестное свойство «zoom».  Потерянное объявление.
11078 [main] DEBUG Browser - [2016-02-17T14:45:45+0300] [WARNING] Неизвестное свойство «zoom».  Потерянное объявление.
11078 [main] DEBUG Browser - [2016-02-17T14:45:45+0300] [WARNING] Неизвестное свойство «zoom».  Потерянное объявление.
11078 [main] DEBUG Browser - [2016-02-17T14:45:45+0300] [WARNING] Неизвестное свойство «zoom».  Потерянное объявление.
11083 [main] DEBUG Browser - [2016-02-17T14:45:45+0300] [WARNING] Неизвестное свойство «zoom».  Потерянное объявление.
11083 [main] DEBUG Browser - [2016-02-17T14:45:45+0300] [WARNING] Ожидалось «none», «URL» или функция фильтра, но найдено «mask(».  Ошибка при парсинге значения «filter».  Потерянное объявление.
11083 [main] DEBUG Browser - [2016-02-17T14:45:45+0300] [WARNING] Неизвестное свойство «zoom».  Потерянное объявление.
11083 [main] DEBUG Browser - [2016-02-17T14:45:45+0300] [WARNING] Неизвестное свойство «zoom».  Потерянное объявление.
11086 [main] DEBUG Browser - [2016-02-17T14:45:45+0300] [WARNING] Ожидалось «none», «URL» или функция фильтра, но найдено «Alpha(».  Ошибка при парсинге значения «filter».  Потерянное объявление.
11086 [main] DEBUG Browser - [2016-02-17T14:45:45+0300] [WARNING] Ожидалось «none», «URL» или функция фильтра, но найдено «Alpha(».  Ошибка при парсинге значения «filter».  Потерянное объявление.
11086 [main] DEBUG Browser - [2016-02-17T14:45:45+0300] [WARNING] Неизвестное свойство «-moz-border-radius-topleft».  Потерянное объявление.
11087 [main] DEBUG Browser - [2016-02-17T14:45:45+0300] [WARNING] Неизвестное свойство «-moz-border-radius-topright».  Потерянное объявление.
11087 [main] DEBUG Browser - [2016-02-17T14:45:45+0300] [WARNING] Неизвестное свойство «-moz-border-radius-bottomleft».  Потерянное объявление.
11087 [main] DEBUG Browser - [2016-02-17T14:45:45+0300] [WARNING] Неизвестное свойство «-moz-border-radius-bottomright».  Потерянное объявление.
11087 [main] DEBUG Browser - [2016-02-17T14:45:45+0300] [WARNING] Ожидалось «none», «URL» или функция фильтра, но найдено «Alpha(».  Ошибка при парсинге значения «filter».  Потерянное объявление.
11087 [main] DEBUG Browser - [2016-02-17T14:45:45+0300] [WARNING] Ожидалось «none», «URL» или функция фильтра, но найдено «Alpha(».  Ошибка при парсинге значения «filter».  Потерянное объявление.
11087 [main] DEBUG Browser - [2016-02-17T14:45:45+0300] [WARNING] Неизвестное свойство «-moz-border-radius».  Потерянное объявление.
11087 [main] DEBUG Browser - [2016-02-17T14:45:45+0300] [WARNING] Неизвестное свойство «zoom».  Потерянное объявление.
11087 [main] DEBUG Browser - [2016-02-17T14:45:45+0300] [WARNING] Ожидалось «none», «URL» или функция фильтра, но найдено «chroma(».  Ошибка при парсинге значения «filter».  Потерянное объявление.
11087 [main] DEBUG Browser - [2016-02-17T14:45:45+0300] [WARNING] Метод getAttributeNode() является устаревшим. Для его замены используйте метод getAttribute().
11204 [main] DEBUG ru.greg3d.TracingWebDriver - getCurrentUrl(...) = http://localhost/php4dvd/#!/sort/name%20asc/
11206 [main] INFO  ru.greg3d.TestBase - <<< @Test DoLoginTest
11210 [main] INFO  ru.greg3d.TestBase - >>> @Test goHome
11210 [main] DEBUG ru.greg3d.TracingWebDriver - findElement()
11210 [main] DEBUG ru.greg3d.TracingWebDriver - findElement(By.xpath: //a[contains(text(),'Home')])
11325 [main] DEBUG ru.greg3d.TracingWebDriver - findElement(...) = [[FirefoxDriver: firefox on WINDOWS (cfdc4e20-ceec-44d9-918b-9c566692bac9)] -> xpath: //a[contains(text(),'Home')]]
11325 [main] DEBUG ru.greg3d.events.WebEventListener - beforeClickOn '[[FirefoxDriver: firefox on WINDOWS (cfdc4e20-ceec-44d9-918b-9c566692bac9)] -> xpath: //a[contains(text(),'Home')]]'
11543 [main] DEBUG ru.greg3d.events.WebEventListener - afterClickOn '[[FirefoxDriver: firefox on WINDOWS (cfdc4e20-ceec-44d9-918b-9c566692bac9)] -> xpath: //a[contains(text(),'Home')]]'
12689 [main] INFO  ru.greg3d.TestBase - <<< @Test goHome
12696 [main] INFO  ru.greg3d.TestBase - >>> @Test addCorrectRecord
12696 [main] DEBUG ru.greg3d.TracingWebDriver - findElement()
12696 [main] DEBUG ru.greg3d.TracingWebDriver - findElement(By.id: results)
12732 [main] DEBUG Browser - [2016-02-17T14:45:46+0300] [WARNING] Метод getPreventDefault() является устаревшим. Для его замены используйте метод defaultPrevented.
12732 [main] DEBUG Browser - [2016-02-17T14:45:46+0300] [WARNING] Ожидалось «none», «URL» или функция фильтра, но найдено «Alpha(».  Ошибка при парсинге значения «filter».  Потерянное объявление.
12732 [main] DEBUG Browser - [2016-02-17T14:45:46+0300] [WARNING] Неизвестное свойство «zoom».  Потерянное объявление.
12732 [main] DEBUG Browser - [2016-02-17T14:45:46+0300] [WARNING] Неизвестное свойство «zoom».  Потерянное объявление.
12732 [main] DEBUG Browser - [2016-02-17T14:45:46+0300] [WARNING] Неизвестное свойство «zoom».  Потерянное объявление.
12732 [main] DEBUG Browser - [2016-02-17T14:45:46+0300] [WARNING] Неизвестное свойство «zoom».  Потерянное объявление.
12732 [main] DEBUG Browser - [2016-02-17T14:45:46+0300] [WARNING] Неизвестное свойство «zoom».  Потерянное объявление.
12732 [main] DEBUG Browser - [2016-02-17T14:45:46+0300] [WARNING] Ожидалось «none», «URL» или функция фильтра, но найдено «mask(».  Ошибка при парсинге значения «filter».  Потерянное объявление.
12732 [main] DEBUG Browser - [2016-02-17T14:45:46+0300] [WARNING] Неизвестное свойство «zoom».  Потерянное объявление.
12732 [main] DEBUG Browser - [2016-02-17T14:45:46+0300] [WARNING] Неизвестное свойство «zoom».  Потерянное объявление.
12733 [main] DEBUG Browser - [2016-02-17T14:45:46+0300] [WARNING] Ожидалось «none», «URL» или функция фильтра, но найдено «Alpha(».  Ошибка при парсинге значения «filter».  Потерянное объявление.
12733 [main] DEBUG Browser - [2016-02-17T14:45:46+0300] [WARNING] Ожидалось «none», «URL» или функция фильтра, но найдено «Alpha(».  Ошибка при парсинге значения «filter».  Потерянное объявление.
12733 [main] DEBUG Browser - [2016-02-17T14:45:46+0300] [WARNING] Неизвестное свойство «-moz-border-radius-topleft».  Потерянное объявление.
12733 [main] DEBUG Browser - [2016-02-17T14:45:46+0300] [WARNING] Неизвестное свойство «-moz-border-radius-topright».  Потерянное объявление.
12736 [main] DEBUG Browser - [2016-02-17T14:45:46+0300] [WARNING] Неизвестное свойство «-moz-border-radius-bottomleft».  Потерянное объявление.
12737 [main] DEBUG Browser - [2016-02-17T14:45:46+0300] [WARNING] Неизвестное свойство «-moz-border-radius-bottomright».  Потерянное объявление.
12737 [main] DEBUG Browser - [2016-02-17T14:45:46+0300] [WARNING] Ожидалось «none», «URL» или функция фильтра, но найдено «Alpha(».  Ошибка при парсинге значения «filter».  Потерянное объявление.
12737 [main] DEBUG Browser - [2016-02-17T14:45:46+0300] [WARNING] Ожидалось «none», «URL» или функция фильтра, но найдено «Alpha(».  Ошибка при парсинге значения «filter».  Потерянное объявление.
12737 [main] DEBUG Browser - [2016-02-17T14:45:46+0300] [WARNING] Неизвестное свойство «-moz-border-radius».  Потерянное объявление.
12737 [main] DEBUG Browser - [2016-02-17T14:45:46+0300] [WARNING] Неизвестное свойство «zoom».  Потерянное объявление.
12737 [main] DEBUG Browser - [2016-02-17T14:45:47+0300] [WARNING] Ожидалось «none», «URL» или функция фильтра, но найдено «chroma(».  Ошибка при парсинге значения «filter».  Потерянное объявление.
12737 [main] DEBUG Browser - [2016-02-17T14:45:47+0300] [INFO] 1455709547101	Browser.SelfSupportBackend	ERROR	_loadSelfSupport - Non HTTPS URL provided: 
12737 [main] DEBUG Browser - [2016-02-17T14:45:47+0300] [WARNING] Метод getAttributeNode() является устаревшим. Для его замены используйте метод getAttribute().
12763 [main] DEBUG ru.greg3d.TracingWebDriver - findElement(...) = [[FirefoxDriver: firefox on WINDOWS (cfdc4e20-ceec-44d9-918b-9c566692bac9)] -> id: results]
12793 [main] DEBUG ru.greg3d.TracingWebDriver - findElement()
12793 [main] DEBUG ru.greg3d.TracingWebDriver - findElement(By.cssSelector: img[title='Add movie'])
12890 [main] DEBUG ru.greg3d.TracingWebDriver - findElement(...) = [[FirefoxDriver: firefox on WINDOWS (cfdc4e20-ceec-44d9-918b-9c566692bac9)] -> css selector: img[title='Add movie']]
12890 [main] DEBUG ru.greg3d.events.WebEventListener - beforeClickOn '[[FirefoxDriver: firefox on WINDOWS (cfdc4e20-ceec-44d9-918b-9c566692bac9)] -> css selector: img[title='Add movie']]'
13240 [main] DEBUG ru.greg3d.events.WebEventListener - afterClickOn '[[FirefoxDriver: firefox on WINDOWS (cfdc4e20-ceec-44d9-918b-9c566692bac9)] -> css selector: img[title='Add movie']]'
15140 [main] DEBUG ru.greg3d.TracingWebDriver - findElement()
15140 [main] DEBUG ru.greg3d.TracingWebDriver - findElement(By.name: name)
15159 [main] DEBUG Browser - [2016-02-17T14:45:48+0300] [WARNING] Метод getPreventDefault() является устаревшим. Для его замены используйте метод defaultPrevented.
15160 [main] DEBUG Browser - [2016-02-17T14:45:49+0300] [WARNING] Ожидалось «none», «URL» или функция фильтра, но найдено «Alpha(».  Ошибка при парсинге значения «filter».  Потерянное объявление.
15160 [main] DEBUG Browser - [2016-02-17T14:45:49+0300] [WARNING] Неизвестное свойство «zoom».  Потерянное объявление.
15160 [main] DEBUG Browser - [2016-02-17T14:45:49+0300] [WARNING] Неизвестное свойство «zoom».  Потерянное объявление.
15160 [main] DEBUG Browser - [2016-02-17T14:45:49+0300] [WARNING] Неизвестное свойство «zoom».  Потерянное объявление.
15160 [main] DEBUG Browser - [2016-02-17T14:45:49+0300] [WARNING] Неизвестное свойство «zoom».  Потерянное объявление.
15161 [main] DEBUG Browser - [2016-02-17T14:45:49+0300] [WARNING] Неизвестное свойство «zoom».  Потерянное объявление.
15161 [main] DEBUG Browser - [2016-02-17T14:45:49+0300] [WARNING] Ожидалось «none», «URL» или функция фильтра, но найдено «mask(».  Ошибка при парсинге значения «filter».  Потерянное объявление.
15161 [main] DEBUG Browser - [2016-02-17T14:45:49+0300] [WARNING] Неизвестное свойство «zoom».  Потерянное объявление.
15161 [main] DEBUG Browser - [2016-02-17T14:45:49+0300] [WARNING] Неизвестное свойство «zoom».  Потерянное объявление.
15161 [main] DEBUG Browser - [2016-02-17T14:45:49+0300] [WARNING] Ожидалось «none», «URL» или функция фильтра, но найдено «Alpha(».  Ошибка при парсинге значения «filter».  Потерянное объявление.
15162 [main] DEBUG Browser - [2016-02-17T14:45:49+0300] [WARNING] Ожидалось «none», «URL» или функция фильтра, но найдено «Alpha(».  Ошибка при парсинге значения «filter».  Потерянное объявление.
15162 [main] DEBUG Browser - [2016-02-17T14:45:49+0300] [WARNING] Неизвестное свойство «-moz-border-radius-topleft».  Потерянное объявление.
15162 [main] DEBUG Browser - [2016-02-17T14:45:49+0300] [WARNING] Неизвестное свойство «-moz-border-radius-topright».  Потерянное объявление.
15162 [main] DEBUG Browser - [2016-02-17T14:45:49+0300] [WARNING] Неизвестное свойство «-moz-border-radius-bottomleft».  Потерянное объявление.
15162 [main] DEBUG Browser - [2016-02-17T14:45:49+0300] [WARNING] Неизвестное свойство «-moz-border-radius-bottomright».  Потерянное объявление.
15162 [main] DEBUG Browser - [2016-02-17T14:45:49+0300] [WARNING] Ожидалось «none», «URL» или функция фильтра, но найдено «Alpha(».  Ошибка при парсинге значения «filter».  Потерянное объявление.
15162 [main] DEBUG Browser - [2016-02-17T14:45:49+0300] [WARNING] Ожидалось «none», «URL» или функция фильтра, но найдено «Alpha(».  Ошибка при парсинге значения «filter».  Потерянное объявление.
15162 [main] DEBUG Browser - [2016-02-17T14:45:49+0300] [WARNING] Неизвестное свойство «-moz-border-radius».  Потерянное объявление.
15163 [main] DEBUG Browser - [2016-02-17T14:45:49+0300] [WARNING] Неизвестное свойство «zoom».  Потерянное объявление.
15163 [main] DEBUG Browser - [2016-02-17T14:45:49+0300] [WARNING] Ожидалось «none», «URL» или функция фильтра, но найдено «chroma(».  Ошибка при парсинге значения «filter».  Потерянное объявление.
15163 [main] DEBUG Browser - [2016-02-17T14:45:50+0300] [WARNING] Метод getPreventDefault() является устаревшим. Для его замены используйте метод defaultPrevented.
15195 [main] DEBUG ru.greg3d.TracingWebDriver - findElement(...) = [[FirefoxDriver: firefox on WINDOWS (cfdc4e20-ceec-44d9-918b-9c566692bac9)] -> name: name]
15256 [main] DEBUG ru.greg3d.events.WebEventListener - beforeChangeValueOf: '[[FirefoxDriver: firefox on WINDOWS (cfdc4e20-ceec-44d9-918b-9c566692bac9)] -> name: name]'
15434 [main] DEBUG ru.greg3d.events.WebEventListener - afterChangeValueOf: '[[FirefoxDriver: firefox on WINDOWS (cfdc4e20-ceec-44d9-918b-9c566692bac9)] -> name: name]'new name_1455709550385
15434 [main] DEBUG ru.greg3d.TracingWebDriver - findElement()
15434 [main] DEBUG ru.greg3d.TracingWebDriver - findElement(By.name: year)
15450 [main] DEBUG Browser - [2016-02-17T14:45:50+0300] [WARNING] Метод getAttributeNode() является устаревшим. Для его замены используйте метод getAttribute().
15483 [main] DEBUG ru.greg3d.TracingWebDriver - findElement(...) = [[FirefoxDriver: firefox on WINDOWS (cfdc4e20-ceec-44d9-918b-9c566692bac9)] -> name: year]
15518 [main] DEBUG ru.greg3d.events.WebEventListener - beforeChangeValueOf: '[[FirefoxDriver: firefox on WINDOWS (cfdc4e20-ceec-44d9-918b-9c566692bac9)] -> name: year]'
15635 [main] DEBUG ru.greg3d.events.WebEventListener - afterChangeValueOf: '[[FirefoxDriver: firefox on WINDOWS (cfdc4e20-ceec-44d9-918b-9c566692bac9)] -> name: year]'1994
15635 [main] DEBUG ru.greg3d.TracingWebDriver - findElement()
15635 [main] DEBUG ru.greg3d.TracingWebDriver - findElement(By.name: rating)
15681 [main] DEBUG ru.greg3d.TracingWebDriver - findElement(...) = [[FirefoxDriver: firefox on WINDOWS (cfdc4e20-ceec-44d9-918b-9c566692bac9)] -> name: rating]
15711 [main] DEBUG ru.greg3d.events.WebEventListener - beforeChangeValueOf: '[[FirefoxDriver: firefox on WINDOWS (cfdc4e20-ceec-44d9-918b-9c566692bac9)] -> name: rating]'
15796 [main] DEBUG ru.greg3d.events.WebEventListener - afterChangeValueOf: '[[FirefoxDriver: firefox on WINDOWS (cfdc4e20-ceec-44d9-918b-9c566692bac9)] -> name: rating]'3
15796 [main] DEBUG ru.greg3d.TracingWebDriver - findElement()
15796 [main] DEBUG ru.greg3d.TracingWebDriver - findElement(By.name: duration)
15836 [main] DEBUG ru.greg3d.TracingWebDriver - findElement(...) = [[FirefoxDriver: firefox on WINDOWS (cfdc4e20-ceec-44d9-918b-9c566692bac9)] -> name: duration]
15864 [main] DEBUG ru.greg3d.events.WebEventListener - beforeChangeValueOf: '[[FirefoxDriver: firefox on WINDOWS (cfdc4e20-ceec-44d9-918b-9c566692bac9)] -> name: duration]'
15948 [main] DEBUG ru.greg3d.events.WebEventListener - afterChangeValueOf: '[[FirefoxDriver: firefox on WINDOWS (cfdc4e20-ceec-44d9-918b-9c566692bac9)] -> name: duration]'84
15948 [main] DEBUG ru.greg3d.TracingWebDriver - findElement()
15949 [main] DEBUG ru.greg3d.TracingWebDriver - findElement(By.cssSelector: img[title='Save'])
15983 [main] DEBUG ru.greg3d.TracingWebDriver - findElement(...) = [[FirefoxDriver: firefox on WINDOWS (cfdc4e20-ceec-44d9-918b-9c566692bac9)] -> css selector: img[title='Save']]
15983 [main] DEBUG ru.greg3d.events.WebEventListener - beforeClickOn '[[FirefoxDriver: firefox on WINDOWS (cfdc4e20-ceec-44d9-918b-9c566692bac9)] -> css selector: img[title='Save']]'
16841 [main] DEBUG ru.greg3d.events.WebEventListener - afterClickOn '[[FirefoxDriver: firefox on WINDOWS (cfdc4e20-ceec-44d9-918b-9c566692bac9)] -> css selector: img[title='Save']]'
16920 [main] DEBUG ru.greg3d.TracingWebDriver - findElement()
16921 [main] DEBUG ru.greg3d.TracingWebDriver - findElement(By.xpath: //a[contains(text(),'Home')])
16942 [main] DEBUG Browser - [2016-02-17T14:45:51+0300] [WARNING] Ожидалось «none», «URL» или функция фильтра, но найдено «Alpha(».  Ошибка при парсинге значения «filter».  Потерянное объявление.
16942 [main] DEBUG Browser - [2016-02-17T14:45:51+0300] [WARNING] Неизвестное свойство «zoom».  Потерянное объявление.
16942 [main] DEBUG Browser - [2016-02-17T14:45:51+0300] [WARNING] Неизвестное свойство «zoom».  Потерянное объявление.
16948 [main] DEBUG Browser - [2016-02-17T14:45:51+0300] [WARNING] Неизвестное свойство «zoom».  Потерянное объявление.
16948 [main] DEBUG Browser - [2016-02-17T14:45:51+0300] [WARNING] Неизвестное свойство «zoom».  Потерянное объявление.
16948 [main] DEBUG Browser - [2016-02-17T14:45:51+0300] [WARNING] Неизвестное свойство «zoom».  Потерянное объявление.
16948 [main] DEBUG Browser - [2016-02-17T14:45:51+0300] [WARNING] Ожидалось «none», «URL» или функция фильтра, но найдено «mask(».  Ошибка при парсинге значения «filter».  Потерянное объявление.
16949 [main] DEBUG Browser - [2016-02-17T14:45:51+0300] [WARNING] Неизвестное свойство «zoom».  Потерянное объявление.
16949 [main] DEBUG Browser - [2016-02-17T14:45:51+0300] [WARNING] Неизвестное свойство «zoom».  Потерянное объявление.
16949 [main] DEBUG Browser - [2016-02-17T14:45:51+0300] [WARNING] Ожидалось «none», «URL» или функция фильтра, но найдено «Alpha(».  Ошибка при парсинге значения «filter».  Потерянное объявление.
16949 [main] DEBUG Browser - [2016-02-17T14:45:51+0300] [WARNING] Ожидалось «none», «URL» или функция фильтра, но найдено «Alpha(».  Ошибка при парсинге значения «filter».  Потерянное объявление.
16949 [main] DEBUG Browser - [2016-02-17T14:45:51+0300] [WARNING] Неизвестное свойство «-moz-border-radius-topleft».  Потерянное объявление.
16949 [main] DEBUG Browser - [2016-02-17T14:45:51+0300] [WARNING] Неизвестное свойство «-moz-border-radius-topright».  Потерянное объявление.
16950 [main] DEBUG Browser - [2016-02-17T14:45:51+0300] [WARNING] Неизвестное свойство «-moz-border-radius-bottomleft».  Потерянное объявление.
16951 [main] DEBUG Browser - [2016-02-17T14:45:51+0300] [WARNING] Неизвестное свойство «-moz-border-radius-bottomright».  Потерянное объявление.
16951 [main] DEBUG Browser - [2016-02-17T14:45:51+0300] [WARNING] Ожидалось «none», «URL» или функция фильтра, но найдено «Alpha(».  Ошибка при парсинге значения «filter».  Потерянное объявление.
16951 [main] DEBUG Browser - [2016-02-17T14:45:51+0300] [WARNING] Ожидалось «none», «URL» или функция фильтра, но найдено «Alpha(».  Ошибка при парсинге значения «filter».  Потерянное объявление.
16951 [main] DEBUG Browser - [2016-02-17T14:45:51+0300] [WARNING] Неизвестное свойство «-moz-border-radius».  Потерянное объявление.
16951 [main] DEBUG Browser - [2016-02-17T14:45:51+0300] [WARNING] Неизвестное свойство «zoom».  Потерянное объявление.
16951 [main] DEBUG Browser - [2016-02-17T14:45:51+0300] [WARNING] Ожидалось «none», «URL» или функция фильтра, но найдено «chroma(».  Ошибка при парсинге значения «filter».  Потерянное объявление.
16976 [main] DEBUG ru.greg3d.TracingWebDriver - findElement(...) = [[FirefoxDriver: firefox on WINDOWS (cfdc4e20-ceec-44d9-918b-9c566692bac9)] -> xpath: //a[contains(text(),'Home')]]
16977 [main] DEBUG ru.greg3d.events.WebEventListener - beforeClickOn '[[FirefoxDriver: firefox on WINDOWS (cfdc4e20-ceec-44d9-918b-9c566692bac9)] -> xpath: //a[contains(text(),'Home')]]'
17187 [main] DEBUG ru.greg3d.events.WebEventListener - afterClickOn '[[FirefoxDriver: firefox on WINDOWS (cfdc4e20-ceec-44d9-918b-9c566692bac9)] -> xpath: //a[contains(text(),'Home')]]'
18181 [main] DEBUG ru.greg3d.TracingWebDriver - findElement()
18181 [main] DEBUG ru.greg3d.TracingWebDriver - findElement(By.id: results)
18203 [main] DEBUG Browser - [2016-02-17T14:45:52+0300] [WARNING] Метод getPreventDefault() является устаревшим. Для его замены используйте метод defaultPrevented.
18203 [main] DEBUG Browser - [2016-02-17T14:45:52+0300] [WARNING] Ожидалось «none», «URL» или функция фильтра, но найдено «Alpha(».  Ошибка при парсинге значения «filter».  Потерянное объявление.
18203 [main] DEBUG Browser - [2016-02-17T14:45:52+0300] [WARNING] Неизвестное свойство «zoom».  Потерянное объявление.
18203 [main] DEBUG Browser - [2016-02-17T14:45:52+0300] [WARNING] Неизвестное свойство «zoom».  Потерянное объявление.
18203 [main] DEBUG Browser - [2016-02-17T14:45:52+0300] [WARNING] Неизвестное свойство «zoom».  Потерянное объявление.
18203 [main] DEBUG Browser - [2016-02-17T14:45:52+0300] [WARNING] Неизвестное свойство «zoom».  Потерянное объявление.
18203 [main] DEBUG Browser - [2016-02-17T14:45:52+0300] [WARNING] Неизвестное свойство «zoom».  Потерянное объявление.
18203 [main] DEBUG Browser - [2016-02-17T14:45:52+0300] [WARNING] Ожидалось «none», «URL» или функция фильтра, но найдено «mask(».  Ошибка при парсинге значения «filter».  Потерянное объявление.
18203 [main] DEBUG Browser - [2016-02-17T14:45:52+0300] [WARNING] Неизвестное свойство «zoom».  Потерянное объявление.
18203 [main] DEBUG Browser - [2016-02-17T14:45:52+0300] [WARNING] Неизвестное свойство «zoom».  Потерянное объявление.
18203 [main] DEBUG Browser - [2016-02-17T14:45:52+0300] [WARNING] Ожидалось «none», «URL» или функция фильтра, но найдено «Alpha(».  Ошибка при парсинге значения «filter».  Потерянное объявление.
18203 [main] DEBUG Browser - [2016-02-17T14:45:52+0300] [WARNING] Ожидалось «none», «URL» или функция фильтра, но найдено «Alpha(».  Ошибка при парсинге значения «filter».  Потерянное объявление.
18204 [main] DEBUG Browser - [2016-02-17T14:45:52+0300] [WARNING] Неизвестное свойство «-moz-border-radius-topleft».  Потерянное объявление.
18204 [main] DEBUG Browser - [2016-02-17T14:45:52+0300] [WARNING] Неизвестное свойство «-moz-border-radius-topright».  Потерянное объявление.
18204 [main] DEBUG Browser - [2016-02-17T14:45:52+0300] [WARNING] Неизвестное свойство «-moz-border-radius-bottomleft».  Потерянное объявление.
18204 [main] DEBUG Browser - [2016-02-17T14:45:52+0300] [WARNING] Неизвестное свойство «-moz-border-radius-bottomright».  Потерянное объявление.
18204 [main] DEBUG Browser - [2016-02-17T14:45:52+0300] [WARNING] Ожидалось «none», «URL» или функция фильтра, но найдено «Alpha(».  Ошибка при парсинге значения «filter».  Потерянное объявление.
18204 [main] DEBUG Browser - [2016-02-17T14:45:52+0300] [WARNING] Ожидалось «none», «URL» или функция фильтра, но найдено «Alpha(».  Ошибка при парсинге значения «filter».  Потерянное объявление.
18204 [main] DEBUG Browser - [2016-02-17T14:45:52+0300] [WARNING] Неизвестное свойство «-moz-border-radius».  Потерянное объявление.
18204 [main] DEBUG Browser - [2016-02-17T14:45:52+0300] [WARNING] Неизвестное свойство «zoom».  Потерянное объявление.
18204 [main] DEBUG Browser - [2016-02-17T14:45:52+0300] [WARNING] Ожидалось «none», «URL» или функция фильтра, но найдено «chroma(».  Ошибка при парсинге значения «filter».  Потерянное объявление.
18204 [main] DEBUG Browser - [2016-02-17T14:45:52+0300] [WARNING] Метод getAttributeNode() является устаревшим. Для его замены используйте метод getAttribute().
18232 [main] DEBUG ru.greg3d.TracingWebDriver - findElement(...) = [[FirefoxDriver: firefox on WINDOWS (cfdc4e20-ceec-44d9-918b-9c566692bac9)] -> id: results]
18262 [main] INFO  ru.greg3d.TestBase - <<< @Test addCorrectRecord
18268 [main] INFO  ru.greg3d.TestBase - >>> @Test goHome
18268 [main] DEBUG ru.greg3d.TracingWebDriver - findElement()
18268 [main] DEBUG ru.greg3d.TracingWebDriver - findElement(By.xpath: //a[contains(text(),'Home')])
18333 [main] DEBUG ru.greg3d.TracingWebDriver - findElement(...) = [[FirefoxDriver: firefox on WINDOWS (cfdc4e20-ceec-44d9-918b-9c566692bac9)] -> xpath: //a[contains(text(),'Home')]]
18333 [main] DEBUG ru.greg3d.events.WebEventListener - beforeClickOn '[[FirefoxDriver: firefox on WINDOWS (cfdc4e20-ceec-44d9-918b-9c566692bac9)] -> xpath: //a[contains(text(),'Home')]]'
18565 [main] DEBUG ru.greg3d.events.WebEventListener - afterClickOn '[[FirefoxDriver: firefox on WINDOWS (cfdc4e20-ceec-44d9-918b-9c566692bac9)] -> xpath: //a[contains(text(),'Home')]]'
19522 [main] INFO  ru.greg3d.TestBase - <<< @Test goHome
19523 [main] INFO  ru.greg3d.TestBase - >>> @Test addWrongRecord
19523 [main] DEBUG ru.greg3d.TracingWebDriver - findElement()
19523 [main] DEBUG ru.greg3d.TracingWebDriver - findElement(By.cssSelector: img[title='Add movie'])
19547 [main] DEBUG Browser - [2016-02-17T14:45:53+0300] [WARNING] Метод getPreventDefault() является устаревшим. Для его замены используйте метод defaultPrevented.
19547 [main] DEBUG Browser - [2016-02-17T14:45:53+0300] [WARNING] Ожидалось «none», «URL» или функция фильтра, но найдено «Alpha(».  Ошибка при парсинге значения «filter».  Потерянное объявление.
19547 [main] DEBUG Browser - [2016-02-17T14:45:53+0300] [WARNING] Неизвестное свойство «zoom».  Потерянное объявление.
19547 [main] DEBUG Browser - [2016-02-17T14:45:53+0300] [WARNING] Неизвестное свойство «zoom».  Потерянное объявление.
19547 [main] DEBUG Browser - [2016-02-17T14:45:53+0300] [WARNING] Неизвестное свойство «zoom».  Потерянное объявление.
19547 [main] DEBUG Browser - [2016-02-17T14:45:53+0300] [WARNING] Неизвестное свойство «zoom».  Потерянное объявление.
19547 [main] DEBUG Browser - [2016-02-17T14:45:53+0300] [WARNING] Неизвестное свойство «zoom».  Потерянное объявление.
19547 [main] DEBUG Browser - [2016-02-17T14:45:53+0300] [WARNING] Ожидалось «none», «URL» или функция фильтра, но найдено «mask(».  Ошибка при парсинге значения «filter».  Потерянное объявление.
19547 [main] DEBUG Browser - [2016-02-17T14:45:53+0300] [WARNING] Неизвестное свойство «zoom».  Потерянное объявление.
19547 [main] DEBUG Browser - [2016-02-17T14:45:53+0300] [WARNING] Неизвестное свойство «zoom».  Потерянное объявление.
19547 [main] DEBUG Browser - [2016-02-17T14:45:53+0300] [WARNING] Ожидалось «none», «URL» или функция фильтра, но найдено «Alpha(».  Ошибка при парсинге значения «filter».  Потерянное объявление.
19547 [main] DEBUG Browser - [2016-02-17T14:45:53+0300] [WARNING] Ожидалось «none», «URL» или функция фильтра, но найдено «Alpha(».  Ошибка при парсинге значения «filter».  Потерянное объявление.
19547 [main] DEBUG Browser - [2016-02-17T14:45:53+0300] [WARNING] Неизвестное свойство «-moz-border-radius-topleft».  Потерянное объявление.
19547 [main] DEBUG Browser - [2016-02-17T14:45:53+0300] [WARNING] Неизвестное свойство «-moz-border-radius-topright».  Потерянное объявление.
19548 [main] DEBUG Browser - [2016-02-17T14:45:53+0300] [WARNING] Неизвестное свойство «-moz-border-radius-bottomleft».  Потерянное объявление.
19548 [main] DEBUG Browser - [2016-02-17T14:45:53+0300] [WARNING] Неизвестное свойство «-moz-border-radius-bottomright».  Потерянное объявление.
19548 [main] DEBUG Browser - [2016-02-17T14:45:53+0300] [WARNING] Ожидалось «none», «URL» или функция фильтра, но найдено «Alpha(».  Ошибка при парсинге значения «filter».  Потерянное объявление.
19548 [main] DEBUG Browser - [2016-02-17T14:45:53+0300] [WARNING] Ожидалось «none», «URL» или функция фильтра, но найдено «Alpha(».  Ошибка при парсинге значения «filter».  Потерянное объявление.
19548 [main] DEBUG Browser - [2016-02-17T14:45:53+0300] [WARNING] Неизвестное свойство «-moz-border-radius».  Потерянное объявление.
19548 [main] DEBUG Browser - [2016-02-17T14:45:53+0300] [WARNING] Неизвестное свойство «zoom».  Потерянное объявление.
19548 [main] DEBUG Browser - [2016-02-17T14:45:53+0300] [WARNING] Ожидалось «none», «URL» или функция фильтра, но найдено «chroma(».  Ошибка при парсинге значения «filter».  Потерянное объявление.
19548 [main] DEBUG Browser - [2016-02-17T14:45:54+0300] [WARNING] Метод getAttributeNode() является устаревшим. Для его замены используйте метод getAttribute().
19576 [main] DEBUG ru.greg3d.TracingWebDriver - findElement(...) = [[FirefoxDriver: firefox on WINDOWS (cfdc4e20-ceec-44d9-918b-9c566692bac9)] -> css selector: img[title='Add movie']]
19576 [main] DEBUG ru.greg3d.events.WebEventListener - beforeClickOn '[[FirefoxDriver: firefox on WINDOWS (cfdc4e20-ceec-44d9-918b-9c566692bac9)] -> css selector: img[title='Add movie']]'
19796 [main] DEBUG ru.greg3d.events.WebEventListener - afterClickOn '[[FirefoxDriver: firefox on WINDOWS (cfdc4e20-ceec-44d9-918b-9c566692bac9)] -> css selector: img[title='Add movie']]'
20197 [main] DEBUG ru.greg3d.TracingWebDriver - findElement()
20197 [main] DEBUG ru.greg3d.TracingWebDriver - findElement(By.name: duration)
20219 [main] DEBUG Browser - [2016-02-17T14:45:54+0300] [WARNING] Метод getPreventDefault() является устаревшим. Для его замены используйте метод defaultPrevented.
20219 [main] DEBUG Browser - [2016-02-17T14:45:55+0300] [WARNING] Ожидалось «none», «URL» или функция фильтра, но найдено «Alpha(».  Ошибка при парсинге значения «filter».  Потерянное объявление.
20219 [main] DEBUG Browser - [2016-02-17T14:45:55+0300] [WARNING] Неизвестное свойство «zoom».  Потерянное объявление.
20219 [main] DEBUG Browser - [2016-02-17T14:45:55+0300] [WARNING] Неизвестное свойство «zoom».  Потерянное объявление.
20219 [main] DEBUG Browser - [2016-02-17T14:45:55+0300] [WARNING] Неизвестное свойство «zoom».  Потерянное объявление.
20219 [main] DEBUG Browser - [2016-02-17T14:45:55+0300] [WARNING] Неизвестное свойство «zoom».  Потерянное объявление.
20219 [main] DEBUG Browser - [2016-02-17T14:45:55+0300] [WARNING] Неизвестное свойство «zoom».  Потерянное объявление.
20219 [main] DEBUG Browser - [2016-02-17T14:45:55+0300] [WARNING] Ожидалось «none», «URL» или функция фильтра, но найдено «mask(».  Ошибка при парсинге значения «filter».  Потерянное объявление.
20219 [main] DEBUG Browser - [2016-02-17T14:45:55+0300] [WARNING] Неизвестное свойство «zoom».  Потерянное объявление.
20219 [main] DEBUG Browser - [2016-02-17T14:45:55+0300] [WARNING] Неизвестное свойство «zoom».  Потерянное объявление.
20219 [main] DEBUG Browser - [2016-02-17T14:45:55+0300] [WARNING] Ожидалось «none», «URL» или функция фильтра, но найдено «Alpha(».  Ошибка при парсинге значения «filter».  Потерянное объявление.
20219 [main] DEBUG Browser - [2016-02-17T14:45:55+0300] [WARNING] Ожидалось «none», «URL» или функция фильтра, но найдено «Alpha(».  Ошибка при парсинге значения «filter».  Потерянное объявление.
20219 [main] DEBUG Browser - [2016-02-17T14:45:55+0300] [WARNING] Неизвестное свойство «-moz-border-radius-topleft».  Потерянное объявление.
20219 [main] DEBUG Browser - [2016-02-17T14:45:55+0300] [WARNING] Неизвестное свойство «-moz-border-radius-topright».  Потерянное объявление.
20219 [main] DEBUG Browser - [2016-02-17T14:45:55+0300] [WARNING] Неизвестное свойство «-moz-border-radius-bottomleft».  Потерянное объявление.
20219 [main] DEBUG Browser - [2016-02-17T14:45:55+0300] [WARNING] Неизвестное свойство «-moz-border-radius-bottomright».  Потерянное объявление.
20219 [main] DEBUG Browser - [2016-02-17T14:45:55+0300] [WARNING] Ожидалось «none», «URL» или функция фильтра, но найдено «Alpha(».  Ошибка при парсинге значения «filter».  Потерянное объявление.
20219 [main] DEBUG Browser - [2016-02-17T14:45:55+0300] [WARNING] Ожидалось «none», «URL» или функция фильтра, но найдено «Alpha(».  Ошибка при парсинге значения «filter».  Потерянное объявление.
20219 [main] DEBUG Browser - [2016-02-17T14:45:55+0300] [WARNING] Неизвестное свойство «-moz-border-radius».  Потерянное объявление.
20220 [main] DEBUG Browser - [2016-02-17T14:45:55+0300] [WARNING] Неизвестное свойство «zoom».  Потерянное объявление.
20220 [main] DEBUG Browser - [2016-02-17T14:45:55+0300] [WARNING] Ожидалось «none», «URL» или функция фильтра, но найдено «chroma(».  Ошибка при парсинге значения «filter».  Потерянное объявление.
20221 [main] DEBUG Browser - [2016-02-17T14:45:55+0300] [WARNING] Метод getPreventDefault() является устаревшим. Для его замены используйте метод defaultPrevented.
20254 [main] DEBUG ru.greg3d.TracingWebDriver - findElement(...) = [[FirefoxDriver: firefox on WINDOWS (cfdc4e20-ceec-44d9-918b-9c566692bac9)] -> name: duration]
20286 [main] DEBUG ru.greg3d.events.WebEventListener - beforeChangeValueOf: '[[FirefoxDriver: firefox on WINDOWS (cfdc4e20-ceec-44d9-918b-9c566692bac9)] -> name: duration]'
20389 [main] DEBUG ru.greg3d.events.WebEventListener - afterChangeValueOf: '[[FirefoxDriver: firefox on WINDOWS (cfdc4e20-ceec-44d9-918b-9c566692bac9)] -> name: duration]'93
20389 [main] DEBUG ru.greg3d.TracingWebDriver - findElement()
20389 [main] DEBUG ru.greg3d.TracingWebDriver - findElement(By.name: year)
20404 [main] DEBUG Browser - [2016-02-17T14:45:55+0300] [WARNING] Метод getAttributeNode() является устаревшим. Для его замены используйте метод getAttribute().
20430 [main] DEBUG ru.greg3d.TracingWebDriver - findElement(...) = [[FirefoxDriver: firefox on WINDOWS (cfdc4e20-ceec-44d9-918b-9c566692bac9)] -> name: year]
20483 [main] DEBUG ru.greg3d.events.WebEventListener - beforeChangeValueOf: '[[FirefoxDriver: firefox on WINDOWS (cfdc4e20-ceec-44d9-918b-9c566692bac9)] -> name: year]'
20586 [main] DEBUG ru.greg3d.events.WebEventListener - afterChangeValueOf: '[[FirefoxDriver: firefox on WINDOWS (cfdc4e20-ceec-44d9-918b-9c566692bac9)] -> name: year]'1960
20587 [main] DEBUG ru.greg3d.TracingWebDriver - findElement()
20587 [main] DEBUG ru.greg3d.TracingWebDriver - findElement(By.name: rating)
20627 [main] DEBUG ru.greg3d.TracingWebDriver - findElement(...) = [[FirefoxDriver: firefox on WINDOWS (cfdc4e20-ceec-44d9-918b-9c566692bac9)] -> name: rating]
20654 [main] DEBUG ru.greg3d.events.WebEventListener - beforeChangeValueOf: '[[FirefoxDriver: firefox on WINDOWS (cfdc4e20-ceec-44d9-918b-9c566692bac9)] -> name: rating]'
20738 [main] DEBUG ru.greg3d.events.WebEventListener - afterChangeValueOf: '[[FirefoxDriver: firefox on WINDOWS (cfdc4e20-ceec-44d9-918b-9c566692bac9)] -> name: rating]'8
20738 [main] DEBUG ru.greg3d.TracingWebDriver - findElement()
20738 [main] DEBUG ru.greg3d.TracingWebDriver - findElement(By.cssSelector: img[title='Save'])
20780 [main] DEBUG ru.greg3d.TracingWebDriver - findElement(...) = [[FirefoxDriver: firefox on WINDOWS (cfdc4e20-ceec-44d9-918b-9c566692bac9)] -> css selector: img[title='Save']]
20780 [main] DEBUG ru.greg3d.events.WebEventListener - beforeClickOn '[[FirefoxDriver: firefox on WINDOWS (cfdc4e20-ceec-44d9-918b-9c566692bac9)] -> css selector: img[title='Save']]'
20964 [main] DEBUG ru.greg3d.events.WebEventListener - afterClickOn '[[FirefoxDriver: firefox on WINDOWS (cfdc4e20-ceec-44d9-918b-9c566692bac9)] -> css selector: img[title='Save']]'
21037 [main] INFO  ru.greg3d.TestBase - <<< @Test addWrongRecord
21041 [main] INFO  ru.greg3d.TestBase - >>> @Test goHome
21041 [main] DEBUG ru.greg3d.TracingWebDriver - findElement()
21041 [main] DEBUG ru.greg3d.TracingWebDriver - findElement(By.xpath: //a[contains(text(),'Home')])
21094 [main] DEBUG ru.greg3d.TracingWebDriver - findElement(...) = [[FirefoxDriver: firefox on WINDOWS (cfdc4e20-ceec-44d9-918b-9c566692bac9)] -> xpath: //a[contains(text(),'Home')]]
21094 [main] DEBUG ru.greg3d.events.WebEventListener - beforeClickOn '[[FirefoxDriver: firefox on WINDOWS (cfdc4e20-ceec-44d9-918b-9c566692bac9)] -> xpath: //a[contains(text(),'Home')]]'
21305 [main] DEBUG ru.greg3d.events.WebEventListener - afterClickOn '[[FirefoxDriver: firefox on WINDOWS (cfdc4e20-ceec-44d9-918b-9c566692bac9)] -> xpath: //a[contains(text(),'Home')]]'
22311 [main] INFO  ru.greg3d.TestBase - <<< @Test goHome
22311 [main] INFO  ru.greg3d.TestBase - >>> @Test addWrongRecord
22311 [main] DEBUG ru.greg3d.TracingWebDriver - findElement()
22312 [main] DEBUG ru.greg3d.TracingWebDriver - findElement(By.cssSelector: img[title='Add movie'])
22338 [main] DEBUG Browser - [2016-02-17T14:45:56+0300] [WARNING] Ожидалось «none», «URL» или функция фильтра, но найдено «Alpha(».  Ошибка при парсинге значения «filter».  Потерянное объявление.
22338 [main] DEBUG Browser - [2016-02-17T14:45:56+0300] [WARNING] Неизвестное свойство «zoom».  Потерянное объявление.
22339 [main] DEBUG Browser - [2016-02-17T14:45:56+0300] [WARNING] Неизвестное свойство «zoom».  Потерянное объявление.
22339 [main] DEBUG Browser - [2016-02-17T14:45:56+0300] [WARNING] Неизвестное свойство «zoom».  Потерянное объявление.
22340 [main] DEBUG Browser - [2016-02-17T14:45:56+0300] [WARNING] Неизвестное свойство «zoom».  Потерянное объявление.
22347 [main] DEBUG Browser - [2016-02-17T14:45:56+0300] [WARNING] Неизвестное свойство «zoom».  Потерянное объявление.
22347 [main] DEBUG Browser - [2016-02-17T14:45:56+0300] [WARNING] Ожидалось «none», «URL» или функция фильтра, но найдено «mask(».  Ошибка при парсинге значения «filter».  Потерянное объявление.
22348 [main] DEBUG Browser - [2016-02-17T14:45:56+0300] [WARNING] Неизвестное свойство «zoom».  Потерянное объявление.
22348 [main] DEBUG Browser - [2016-02-17T14:45:56+0300] [WARNING] Неизвестное свойство «zoom».  Потерянное объявление.
22348 [main] DEBUG Browser - [2016-02-17T14:45:56+0300] [WARNING] Ожидалось «none», «URL» или функция фильтра, но найдено «Alpha(».  Ошибка при парсинге значения «filter».  Потерянное объявление.
22348 [main] DEBUG Browser - [2016-02-17T14:45:56+0300] [WARNING] Ожидалось «none», «URL» или функция фильтра, но найдено «Alpha(».  Ошибка при парсинге значения «filter».  Потерянное объявление.
22348 [main] DEBUG Browser - [2016-02-17T14:45:56+0300] [WARNING] Неизвестное свойство «-moz-border-radius-topleft».  Потерянное объявление.
22349 [main] DEBUG Browser - [2016-02-17T14:45:56+0300] [WARNING] Неизвестное свойство «-moz-border-radius-topright».  Потерянное объявление.
22349 [main] DEBUG Browser - [2016-02-17T14:45:56+0300] [WARNING] Неизвестное свойство «-moz-border-radius-bottomleft».  Потерянное объявление.
22349 [main] DEBUG Browser - [2016-02-17T14:45:56+0300] [WARNING] Неизвестное свойство «-moz-border-radius-bottomright».  Потерянное объявление.
22349 [main] DEBUG Browser - [2016-02-17T14:45:56+0300] [WARNING] Ожидалось «none», «URL» или функция фильтра, но найдено «Alpha(».  Ошибка при парсинге значения «filter».  Потерянное объявление.
22349 [main] DEBUG Browser - [2016-02-17T14:45:56+0300] [WARNING] Ожидалось «none», «URL» или функция фильтра, но найдено «Alpha(».  Ошибка при парсинге значения «filter».  Потерянное объявление.
22349 [main] DEBUG Browser - [2016-02-17T14:45:56+0300] [WARNING] Неизвестное свойство «-moz-border-radius».  Потерянное объявление.
22349 [main] DEBUG Browser - [2016-02-17T14:45:56+0300] [WARNING] Неизвестное свойство «zoom».  Потерянное объявление.
22349 [main] DEBUG Browser - [2016-02-17T14:45:56+0300] [WARNING] Ожидалось «none», «URL» или функция фильтра, но найдено «chroma(».  Ошибка при парсинге значения «filter».  Потерянное объявление.
22349 [main] DEBUG Browser - [2016-02-17T14:45:56+0300] [WARNING] Метод getAttributeNode() является устаревшим. Для его замены используйте метод getAttribute().
22379 [main] DEBUG ru.greg3d.TracingWebDriver - findElement(...) = [[FirefoxDriver: firefox on WINDOWS (cfdc4e20-ceec-44d9-918b-9c566692bac9)] -> css selector: img[title='Add movie']]
22379 [main] DEBUG ru.greg3d.events.WebEventListener - beforeClickOn '[[FirefoxDriver: firefox on WINDOWS (cfdc4e20-ceec-44d9-918b-9c566692bac9)] -> css selector: img[title='Add movie']]'
22601 [main] DEBUG ru.greg3d.events.WebEventListener - afterClickOn '[[FirefoxDriver: firefox on WINDOWS (cfdc4e20-ceec-44d9-918b-9c566692bac9)] -> css selector: img[title='Add movie']]'
23080 [main] DEBUG ru.greg3d.TracingWebDriver - findElement()
23080 [main] DEBUG ru.greg3d.TracingWebDriver - findElement(By.name: name)
23102 [main] DEBUG Browser - [2016-02-17T14:45:57+0300] [WARNING] Метод getPreventDefault() является устаревшим. Для его замены используйте метод defaultPrevented.
23102 [main] DEBUG Browser - [2016-02-17T14:45:57+0300] [WARNING] Ожидалось «none», «URL» или функция фильтра, но найдено «Alpha(».  Ошибка при парсинге значения «filter».  Потерянное объявление.
23102 [main] DEBUG Browser - [2016-02-17T14:45:57+0300] [WARNING] Неизвестное свойство «zoom».  Потерянное объявление.
23102 [main] DEBUG Browser - [2016-02-17T14:45:57+0300] [WARNING] Неизвестное свойство «zoom».  Потерянное объявление.
23102 [main] DEBUG Browser - [2016-02-17T14:45:57+0300] [WARNING] Неизвестное свойство «zoom».  Потерянное объявление.
23102 [main] DEBUG Browser - [2016-02-17T14:45:57+0300] [WARNING] Неизвестное свойство «zoom».  Потерянное объявление.
23102 [main] DEBUG Browser - [2016-02-17T14:45:57+0300] [WARNING] Неизвестное свойство «zoom».  Потерянное объявление.
23102 [main] DEBUG Browser - [2016-02-17T14:45:57+0300] [WARNING] Ожидалось «none», «URL» или функция фильтра, но найдено «mask(».  Ошибка при парсинге значения «filter».  Потерянное объявление.
23102 [main] DEBUG Browser - [2016-02-17T14:45:57+0300] [WARNING] Неизвестное свойство «zoom».  Потерянное объявление.
23102 [main] DEBUG Browser - [2016-02-17T14:45:57+0300] [WARNING] Неизвестное свойство «zoom».  Потерянное объявление.
23102 [main] DEBUG Browser - [2016-02-17T14:45:57+0300] [WARNING] Ожидалось «none», «URL» или функция фильтра, но найдено «Alpha(».  Ошибка при парсинге значения «filter».  Потерянное объявление.
23102 [main] DEBUG Browser - [2016-02-17T14:45:57+0300] [WARNING] Ожидалось «none», «URL» или функция фильтра, но найдено «Alpha(».  Ошибка при парсинге значения «filter».  Потерянное объявление.
23102 [main] DEBUG Browser - [2016-02-17T14:45:57+0300] [WARNING] Неизвестное свойство «-moz-border-radius-topleft».  Потерянное объявление.
23102 [main] DEBUG Browser - [2016-02-17T14:45:57+0300] [WARNING] Неизвестное свойство «-moz-border-radius-topright».  Потерянное объявление.
23102 [main] DEBUG Browser - [2016-02-17T14:45:57+0300] [WARNING] Неизвестное свойство «-moz-border-radius-bottomleft».  Потерянное объявление.
23103 [main] DEBUG Browser - [2016-02-17T14:45:57+0300] [WARNING] Неизвестное свойство «-moz-border-radius-bottomright».  Потерянное объявление.
23103 [main] DEBUG Browser - [2016-02-17T14:45:57+0300] [WARNING] Ожидалось «none», «URL» или функция фильтра, но найдено «Alpha(».  Ошибка при парсинге значения «filter».  Потерянное объявление.
23103 [main] DEBUG Browser - [2016-02-17T14:45:57+0300] [WARNING] Ожидалось «none», «URL» или функция фильтра, но найдено «Alpha(».  Ошибка при парсинге значения «filter».  Потерянное объявление.
23103 [main] DEBUG Browser - [2016-02-17T14:45:57+0300] [WARNING] Неизвестное свойство «-moz-border-radius».  Потерянное объявление.
23103 [main] DEBUG Browser - [2016-02-17T14:45:57+0300] [WARNING] Неизвестное свойство «zoom».  Потерянное объявление.
23103 [main] DEBUG Browser - [2016-02-17T14:45:57+0300] [WARNING] Ожидалось «none», «URL» или функция фильтра, но найдено «chroma(».  Ошибка при парсинге значения «filter».  Потерянное объявление.
23103 [main] DEBUG Browser - [2016-02-17T14:45:58+0300] [WARNING] Метод getPreventDefault() является устаревшим. Для его замены используйте метод defaultPrevented.
23139 [main] DEBUG ru.greg3d.TracingWebDriver - findElement(...) = [[FirefoxDriver: firefox on WINDOWS (cfdc4e20-ceec-44d9-918b-9c566692bac9)] -> name: name]
23198 [main] DEBUG ru.greg3d.events.WebEventListener - beforeChangeValueOf: '[[FirefoxDriver: firefox on WINDOWS (cfdc4e20-ceec-44d9-918b-9c566692bac9)] -> name: name]'
23364 [main] DEBUG ru.greg3d.events.WebEventListener - afterChangeValueOf: '[[FirefoxDriver: firefox on WINDOWS (cfdc4e20-ceec-44d9-918b-9c566692bac9)] -> name: name]'new name_1455709558330
23364 [main] DEBUG ru.greg3d.TracingWebDriver - findElement()
23364 [main] DEBUG ru.greg3d.TracingWebDriver - findElement(By.name: duration)
23378 [main] DEBUG Browser - [2016-02-17T14:45:58+0300] [WARNING] Метод getAttributeNode() является устаревшим. Для его замены используйте метод getAttribute().
23402 [main] DEBUG ru.greg3d.TracingWebDriver - findElement(...) = [[FirefoxDriver: firefox on WINDOWS (cfdc4e20-ceec-44d9-918b-9c566692bac9)] -> name: duration]
23432 [main] DEBUG ru.greg3d.events.WebEventListener - beforeChangeValueOf: '[[FirefoxDriver: firefox on WINDOWS (cfdc4e20-ceec-44d9-918b-9c566692bac9)] -> name: duration]'
23548 [main] DEBUG ru.greg3d.events.WebEventListener - afterChangeValueOf: '[[FirefoxDriver: firefox on WINDOWS (cfdc4e20-ceec-44d9-918b-9c566692bac9)] -> name: duration]'99
23549 [main] DEBUG ru.greg3d.TracingWebDriver - findElement()
23549 [main] DEBUG ru.greg3d.TracingWebDriver - findElement(By.name: rating)
23593 [main] DEBUG ru.greg3d.TracingWebDriver - findElement(...) = [[FirefoxDriver: firefox on WINDOWS (cfdc4e20-ceec-44d9-918b-9c566692bac9)] -> name: rating]
23620 [main] DEBUG ru.greg3d.events.WebEventListener - beforeChangeValueOf: '[[FirefoxDriver: firefox on WINDOWS (cfdc4e20-ceec-44d9-918b-9c566692bac9)] -> name: rating]'
23704 [main] DEBUG ru.greg3d.events.WebEventListener - afterChangeValueOf: '[[FirefoxDriver: firefox on WINDOWS (cfdc4e20-ceec-44d9-918b-9c566692bac9)] -> name: rating]'6
23704 [main] DEBUG ru.greg3d.TracingWebDriver - findElement()
23704 [main] DEBUG ru.greg3d.TracingWebDriver - findElement(By.cssSelector: img[title='Save'])
23741 [main] DEBUG ru.greg3d.TracingWebDriver - findElement(...) = [[FirefoxDriver: firefox on WINDOWS (cfdc4e20-ceec-44d9-918b-9c566692bac9)] -> css selector: img[title='Save']]
23741 [main] DEBUG ru.greg3d.events.WebEventListener - beforeClickOn '[[FirefoxDriver: firefox on WINDOWS (cfdc4e20-ceec-44d9-918b-9c566692bac9)] -> css selector: img[title='Save']]'
23919 [main] DEBUG ru.greg3d.events.WebEventListener - afterClickOn '[[FirefoxDriver: firefox on WINDOWS (cfdc4e20-ceec-44d9-918b-9c566692bac9)] -> css selector: img[title='Save']]'
23992 [main] INFO  ru.greg3d.TestBase - <<< @Test addWrongRecord
23992 [main] INFO  ru.greg3d.TestBase - >>> @Test goHome
23993 [main] DEBUG ru.greg3d.TracingWebDriver - findElement()
23993 [main] DEBUG ru.greg3d.TracingWebDriver - findElement(By.xpath: //a[contains(text(),'Home')])
24034 [main] DEBUG ru.greg3d.TracingWebDriver - findElement(...) = [[FirefoxDriver: firefox on WINDOWS (cfdc4e20-ceec-44d9-918b-9c566692bac9)] -> xpath: //a[contains(text(),'Home')]]
24034 [main] DEBUG ru.greg3d.events.WebEventListener - beforeClickOn '[[FirefoxDriver: firefox on WINDOWS (cfdc4e20-ceec-44d9-918b-9c566692bac9)] -> xpath: //a[contains(text(),'Home')]]'
24233 [main] DEBUG ru.greg3d.events.WebEventListener - afterClickOn '[[FirefoxDriver: firefox on WINDOWS (cfdc4e20-ceec-44d9-918b-9c566692bac9)] -> xpath: //a[contains(text(),'Home')]]'
25230 [main] INFO  ru.greg3d.TestBase - <<< @Test goHome
25231 [main] INFO  ru.greg3d.TestBase - >>> @Test deleteRecord
25231 [main] DEBUG ru.greg3d.TracingWebDriver - findElements()
25231 [main] DEBUG ru.greg3d.TracingWebDriver - findElements(By.xpath: //div[@id='results']/a)
25254 [main] DEBUG Browser - [2016-02-17T14:45:59+0300] [WARNING] Ожидалось «none», «URL» или функция фильтра, но найдено «Alpha(».  Ошибка при парсинге значения «filter».  Потерянное объявление.
25255 [main] DEBUG Browser - [2016-02-17T14:45:59+0300] [WARNING] Неизвестное свойство «zoom».  Потерянное объявление.
25255 [main] DEBUG Browser - [2016-02-17T14:45:59+0300] [WARNING] Неизвестное свойство «zoom».  Потерянное объявление.
25255 [main] DEBUG Browser - [2016-02-17T14:45:59+0300] [WARNING] Неизвестное свойство «zoom».  Потерянное объявление.
25255 [main] DEBUG Browser - [2016-02-17T14:45:59+0300] [WARNING] Неизвестное свойство «zoom».  Потерянное объявление.
25255 [main] DEBUG Browser - [2016-02-17T14:45:59+0300] [WARNING] Неизвестное свойство «zoom».  Потерянное объявление.
25255 [main] DEBUG Browser - [2016-02-17T14:45:59+0300] [WARNING] Ожидалось «none», «URL» или функция фильтра, но найдено «mask(».  Ошибка при парсинге значения «filter».  Потерянное объявление.
25255 [main] DEBUG Browser - [2016-02-17T14:45:59+0300] [WARNING] Неизвестное свойство «zoom».  Потерянное объявление.
25255 [main] DEBUG Browser - [2016-02-17T14:45:59+0300] [WARNING] Неизвестное свойство «zoom».  Потерянное объявление.
25255 [main] DEBUG Browser - [2016-02-17T14:45:59+0300] [WARNING] Ожидалось «none», «URL» или функция фильтра, но найдено «Alpha(».  Ошибка при парсинге значения «filter».  Потерянное объявление.
25255 [main] DEBUG Browser - [2016-02-17T14:45:59+0300] [WARNING] Ожидалось «none», «URL» или функция фильтра, но найдено «Alpha(».  Ошибка при парсинге значения «filter».  Потерянное объявление.
25255 [main] DEBUG Browser - [2016-02-17T14:45:59+0300] [WARNING] Неизвестное свойство «-moz-border-radius-topleft».  Потерянное объявление.
25256 [main] DEBUG Browser - [2016-02-17T14:45:59+0300] [WARNING] Неизвестное свойство «-moz-border-radius-topright».  Потерянное объявление.
25256 [main] DEBUG Browser - [2016-02-17T14:45:59+0300] [WARNING] Неизвестное свойство «-moz-border-radius-bottomleft».  Потерянное объявление.
25256 [main] DEBUG Browser - [2016-02-17T14:45:59+0300] [WARNING] Неизвестное свойство «-moz-border-radius-bottomright».  Потерянное объявление.
25256 [main] DEBUG Browser - [2016-02-17T14:45:59+0300] [WARNING] Ожидалось «none», «URL» или функция фильтра, но найдено «Alpha(».  Ошибка при парсинге значения «filter».  Потерянное объявление.
25256 [main] DEBUG Browser - [2016-02-17T14:45:59+0300] [WARNING] Ожидалось «none», «URL» или функция фильтра, но найдено «Alpha(».  Ошибка при парсинге значения «filter».  Потерянное объявление.
25256 [main] DEBUG Browser - [2016-02-17T14:45:59+0300] [WARNING] Неизвестное свойство «-moz-border-radius».  Потерянное объявление.
25256 [main] DEBUG Browser - [2016-02-17T14:45:59+0300] [WARNING] Неизвестное свойство «zoom».  Потерянное объявление.
25256 [main] DEBUG Browser - [2016-02-17T14:45:59+0300] [WARNING] Ожидалось «none», «URL» или функция фильтра, но найдено «chroma(».  Ошибка при парсинге значения «filter».  Потерянное объявление.
25256 [main] DEBUG Browser - [2016-02-17T14:45:59+0300] [WARNING] Метод getAttributeNode() является устаревшим. Для его замены используйте метод getAttribute().
25290 [main] DEBUG ru.greg3d.TracingWebDriver - findElements(...) = [[[FirefoxDriver: firefox on WINDOWS (cfdc4e20-ceec-44d9-918b-9c566692bac9)] -> xpath: //div[@id='results']/a], [[FirefoxDriver: firefox on WINDOWS (cfdc4e20-ceec-44d9-918b-9c566692bac9)] -> xpath: //div[@id='results']/a], [[FirefoxDriver: firefox on WINDOWS (cfdc4e20-ceec-44d9-918b-9c566692bac9)] -> xpath: //div[@id='results']/a], [[FirefoxDriver: firefox on WINDOWS (cfdc4e20-ceec-44d9-918b-9c566692bac9)] -> xpath: //div[@id='results']/a], [[FirefoxDriver: firefox on WINDOWS (cfdc4e20-ceec-44d9-918b-9c566692bac9)] -> xpath: //div[@id='results']/a]]
25290 [main] DEBUG ru.greg3d.TracingWebDriver - findElement()
25290 [main] DEBUG ru.greg3d.TracingWebDriver - findElement(By.xpath: //div[@id='results']/a/div)
25336 [main] DEBUG ru.greg3d.TracingWebDriver - findElement(...) = [[FirefoxDriver: firefox on WINDOWS (cfdc4e20-ceec-44d9-918b-9c566692bac9)] -> xpath: //div[@id='results']/a/div]
25336 [main] DEBUG ru.greg3d.events.WebEventListener - beforeClickOn '[[FirefoxDriver: firefox on WINDOWS (cfdc4e20-ceec-44d9-918b-9c566692bac9)] -> xpath: //div[@id='results']/a/div]'
25576 [main] DEBUG ru.greg3d.events.WebEventListener - afterClickOn '[[FirefoxDriver: firefox on WINDOWS (cfdc4e20-ceec-44d9-918b-9c566692bac9)] -> xpath: //div[@id='results']/a/div]'
25940 [main] DEBUG ru.greg3d.TracingWebDriver - findElement()
25940 [main] DEBUG ru.greg3d.TracingWebDriver - findElement(By.cssSelector: img[title='Remove'])
25962 [main] DEBUG Browser - [2016-02-17T14:46:00+0300] [WARNING] Метод getPreventDefault() является устаревшим. Для его замены используйте метод defaultPrevented.
25963 [main] DEBUG Browser - [2016-02-17T14:46:00+0300] [WARNING] Ожидалось «none», «URL» или функция фильтра, но найдено «Alpha(».  Ошибка при парсинге значения «filter».  Потерянное объявление.
25963 [main] DEBUG Browser - [2016-02-17T14:46:00+0300] [WARNING] Неизвестное свойство «zoom».  Потерянное объявление.
25963 [main] DEBUG Browser - [2016-02-17T14:46:00+0300] [WARNING] Неизвестное свойство «zoom».  Потерянное объявление.
25963 [main] DEBUG Browser - [2016-02-17T14:46:00+0300] [WARNING] Неизвестное свойство «zoom».  Потерянное объявление.
25963 [main] DEBUG Browser - [2016-02-17T14:46:00+0300] [WARNING] Неизвестное свойство «zoom».  Потерянное объявление.
25963 [main] DEBUG Browser - [2016-02-17T14:46:00+0300] [WARNING] Неизвестное свойство «zoom».  Потерянное объявление.
25963 [main] DEBUG Browser - [2016-02-17T14:46:00+0300] [WARNING] Ожидалось «none», «URL» или функция фильтра, но найдено «mask(».  Ошибка при парсинге значения «filter».  Потерянное объявление.
25963 [main] DEBUG Browser - [2016-02-17T14:46:00+0300] [WARNING] Неизвестное свойство «zoom».  Потерянное объявление.
25963 [main] DEBUG Browser - [2016-02-17T14:46:00+0300] [WARNING] Неизвестное свойство «zoom».  Потерянное объявление.
25963 [main] DEBUG Browser - [2016-02-17T14:46:00+0300] [WARNING] Ожидалось «none», «URL» или функция фильтра, но найдено «Alpha(».  Ошибка при парсинге значения «filter».  Потерянное объявление.
25963 [main] DEBUG Browser - [2016-02-17T14:46:00+0300] [WARNING] Ожидалось «none», «URL» или функция фильтра, но найдено «Alpha(».  Ошибка при парсинге значения «filter».  Потерянное объявление.
25963 [main] DEBUG Browser - [2016-02-17T14:46:00+0300] [WARNING] Неизвестное свойство «-moz-border-radius-topleft».  Потерянное объявление.
25963 [main] DEBUG Browser - [2016-02-17T14:46:00+0300] [WARNING] Неизвестное свойство «-moz-border-radius-topright».  Потерянное объявление.
25963 [main] DEBUG Browser - [2016-02-17T14:46:00+0300] [WARNING] Неизвестное свойство «-moz-border-radius-bottomleft».  Потерянное объявление.
25963 [main] DEBUG Browser - [2016-02-17T14:46:00+0300] [WARNING] Неизвестное свойство «-moz-border-radius-bottomright».  Потерянное объявление.
25963 [main] DEBUG Browser - [2016-02-17T14:46:00+0300] [WARNING] Ожидалось «none», «URL» или функция фильтра, но найдено «Alpha(».  Ошибка при парсинге значения «filter».  Потерянное объявление.
25963 [main] DEBUG Browser - [2016-02-17T14:46:00+0300] [WARNING] Ожидалось «none», «URL» или функция фильтра, но найдено «Alpha(».  Ошибка при парсинге значения «filter».  Потерянное объявление.
25963 [main] DEBUG Browser - [2016-02-17T14:46:00+0300] [WARNING] Неизвестное свойство «-moz-border-radius».  Потерянное объявление.
25963 [main] DEBUG Browser - [2016-02-17T14:46:00+0300] [WARNING] Неизвестное свойство «zoom».  Потерянное объявление.
25963 [main] DEBUG Browser - [2016-02-17T14:46:00+0300] [WARNING] Ожидалось «none», «URL» или функция фильтра, но найдено «chroma(».  Ошибка при парсинге значения «filter».  Потерянное объявление.
25993 [main] DEBUG ru.greg3d.TracingWebDriver - findElement(...) = [[FirefoxDriver: firefox on WINDOWS (cfdc4e20-ceec-44d9-918b-9c566692bac9)] -> css selector: img[title='Remove']]
25993 [main] DEBUG ru.greg3d.events.WebEventListener - beforeClickOn '[[FirefoxDriver: firefox on WINDOWS (cfdc4e20-ceec-44d9-918b-9c566692bac9)] -> css selector: img[title='Remove']]'
26372 [main] DEBUG ru.greg3d.events.WebEventListener - afterClickOn '[[FirefoxDriver: firefox on WINDOWS (cfdc4e20-ceec-44d9-918b-9c566692bac9)] -> css selector: img[title='Remove']]'
26429 [main] ERROR ru.greg3d.events.WebEventListener - Error occurred: org.openqa.selenium.UnhandledAlertException: Modal dialog present: Are you sure you want to remove this?
Build info: version: '2.51.0', revision: '1af067dbcaedd7d2ab9af5151fc471d363d97193', time: '2016-02-05 11:20:57'
System info: host: 'WKS-CST-19', ip: '192.168.1.84', os.name: 'Windows 7', os.arch: 'amd64', os.version: '6.1', java.version: '1.8.0_60'
Driver info: org.openqa.selenium.firefox.FirefoxDriver
Capabilities [{applicationCacheEnabled=true, rotatable=false, handlesAlerts=true, databaseEnabled=true, version=44.0.2, platform=WINDOWS, nativeEvents=false, acceptSslCerts=true, webStorageEnabled=true, locationContextEnabled=true, browserName=firefox, takesScreenshot=true, javascriptEnabled=true, cssSelectorsEnabled=true}]
Session ID: cfdc4e20-ceec-44d9-918b-9c566692bac9
26456 [main] ERROR ru.greg3d.events.WebEventListener - Error occurred: org.openqa.selenium.UnhandledAlertException: Modal dialog present: Are you sure you want to remove this?
Build info: version: '2.51.0', revision: '1af067dbcaedd7d2ab9af5151fc471d363d97193', time: '2016-02-05 11:20:57'
System info: host: 'WKS-CST-19', ip: '192.168.1.84', os.name: 'Windows 7', os.arch: 'amd64', os.version: '6.1', java.version: '1.8.0_60'
Driver info: org.openqa.selenium.firefox.FirefoxDriver
Capabilities [{applicationCacheEnabled=true, rotatable=false, handlesAlerts=true, databaseEnabled=true, version=44.0.2, platform=WINDOWS, nativeEvents=false, acceptSslCerts=true, webStorageEnabled=true, locationContextEnabled=true, browserName=firefox, takesScreenshot=true, javascriptEnabled=true, cssSelectorsEnabled=true}]
Session ID: cfdc4e20-ceec-44d9-918b-9c566692bac9
26456 [main] DEBUG ru.greg3d.TracingWebDriver - switchTo()
26475 [main] DEBUG Browser - [2016-02-17T14:46:01+0300] [WARNING] Метод getPreventDefault() является устаревшим. Для его замены используйте метод defaultPrevented.
26477 [main] DEBUG ru.greg3d.TracingWebDriver - switchTo(...) = org.openqa.selenium.support.events.EventFiringWebDriver$EventFiringTargetLocator@22ffa91a
26724 [main] DEBUG ru.greg3d.Lesson2TestComplect - closeAlertAndGetItsText -Are you sure you want to remove this?
26724 [main] DEBUG ru.greg3d.TracingWebDriver - executeScript()
26724 [main] DEBUG ru.greg3d.TracingWebDriver - executeScript(return $.active, ...)
27365 [main] DEBUG ru.greg3d.TracingWebDriver - executeScript(...) = 1
27366 [main] DEBUG ru.greg3d.TracingWebDriver - executeScript()
27366 [main] DEBUG ru.greg3d.TracingWebDriver - executeScript(return $.active, ...)
27387 [main] DEBUG Browser - [2016-02-17T14:46:02+0300] [WARNING] Ожидалось «none», «URL» или функция фильтра, но найдено «Alpha(».  Ошибка при парсинге значения «filter».  Потерянное объявление.
27387 [main] DEBUG Browser - [2016-02-17T14:46:02+0300] [WARNING] Неизвестное свойство «zoom».  Потерянное объявление.
27387 [main] DEBUG Browser - [2016-02-17T14:46:02+0300] [WARNING] Неизвестное свойство «zoom».  Потерянное объявление.
27387 [main] DEBUG Browser - [2016-02-17T14:46:02+0300] [WARNING] Неизвестное свойство «zoom».  Потерянное объявление.
27387 [main] DEBUG Browser - [2016-02-17T14:46:02+0300] [WARNING] Неизвестное свойство «zoom».  Потерянное объявление.
27387 [main] DEBUG Browser - [2016-02-17T14:46:02+0300] [WARNING] Неизвестное свойство «zoom».  Потерянное объявление.
27387 [main] DEBUG Browser - [2016-02-17T14:46:02+0300] [WARNING] Ожидалось «none», «URL» или функция фильтра, но найдено «mask(».  Ошибка при парсинге значения «filter».  Потерянное объявление.
27387 [main] DEBUG Browser - [2016-02-17T14:46:02+0300] [WARNING] Неизвестное свойство «zoom».  Потерянное объявление.
27387 [main] DEBUG Browser - [2016-02-17T14:46:02+0300] [WARNING] Неизвестное свойство «zoom».  Потерянное объявление.
27387 [main] DEBUG Browser - [2016-02-17T14:46:02+0300] [WARNING] Ожидалось «none», «URL» или функция фильтра, но найдено «Alpha(».  Ошибка при парсинге значения «filter».  Потерянное объявление.
27387 [main] DEBUG Browser - [2016-02-17T14:46:02+0300] [WARNING] Ожидалось «none», «URL» или функция фильтра, но найдено «Alpha(».  Ошибка при парсинге значения «filter».  Потерянное объявление.
27388 [main] DEBUG Browser - [2016-02-17T14:46:02+0300] [WARNING] Неизвестное свойство «-moz-border-radius-topleft».  Потерянное объявление.
27388 [main] DEBUG Browser - [2016-02-17T14:46:02+0300] [WARNING] Неизвестное свойство «-moz-border-radius-topright».  Потерянное объявление.
27388 [main] DEBUG Browser - [2016-02-17T14:46:02+0300] [WARNING] Неизвестное свойство «-moz-border-radius-bottomleft».  Потерянное объявление.
27388 [main] DEBUG Browser - [2016-02-17T14:46:02+0300] [WARNING] Неизвестное свойство «-moz-border-radius-bottomright».  Потерянное объявление.
27388 [main] DEBUG Browser - [2016-02-17T14:46:02+0300] [WARNING] Ожидалось «none», «URL» или функция фильтра, но найдено «Alpha(».  Ошибка при парсинге значения «filter».  Потерянное объявление.
27388 [main] DEBUG Browser - [2016-02-17T14:46:02+0300] [WARNING] Ожидалось «none», «URL» или функция фильтра, но найдено «Alpha(».  Ошибка при парсинге значения «filter».  Потерянное объявление.
27388 [main] DEBUG Browser - [2016-02-17T14:46:02+0300] [WARNING] Неизвестное свойство «-moz-border-radius».  Потерянное объявление.
27388 [main] DEBUG Browser - [2016-02-17T14:46:02+0300] [WARNING] Неизвестное свойство «zoom».  Потерянное объявление.
27388 [main] DEBUG Browser - [2016-02-17T14:46:02+0300] [WARNING] Ожидалось «none», «URL» или функция фильтра, но найдено «chroma(».  Ошибка при парсинге значения «filter».  Потерянное объявление.
27388 [main] DEBUG Browser - [2016-02-17T14:46:02+0300] [WARNING] Метод getAttributeNode() является устаревшим. Для его замены используйте метод getAttribute().
27429 [main] DEBUG ru.greg3d.TracingWebDriver - executeScript(...) = 1
27929 [main] DEBUG ru.greg3d.TracingWebDriver - executeScript()
27929 [main] DEBUG ru.greg3d.TracingWebDriver - executeScript(return $.active, ...)
28007 [main] DEBUG ru.greg3d.TracingWebDriver - executeScript(...) = 0
28007 [main] DEBUG ru.greg3d.TracingWebDriver - findElements()
28007 [main] DEBUG ru.greg3d.TracingWebDriver - findElements(By.xpath: //div[@id='results']/a)
28055 [main] DEBUG ru.greg3d.TracingWebDriver - findElements(...) = [[[FirefoxDriver: firefox on WINDOWS (cfdc4e20-ceec-44d9-918b-9c566692bac9)] -> xpath: //div[@id='results']/a], [[FirefoxDriver: firefox on WINDOWS (cfdc4e20-ceec-44d9-918b-9c566692bac9)] -> xpath: //div[@id='results']/a], [[FirefoxDriver: firefox on WINDOWS (cfdc4e20-ceec-44d9-918b-9c566692bac9)] -> xpath: //div[@id='results']/a], [[FirefoxDriver: firefox on WINDOWS (cfdc4e20-ceec-44d9-918b-9c566692bac9)] -> xpath: //div[@id='results']/a]]
28055 [main] INFO  ru.greg3d.Lesson2TestComplect - Done
28055 [main] INFO  ru.greg3d.TestBase - <<< @Test deleteRecord
28057 [main] INFO  ru.greg3d.TestBase - >>> @Test goHome
28057 [main] DEBUG ru.greg3d.TracingWebDriver - findElement()
28057 [main] DEBUG ru.greg3d.TracingWebDriver - findElement(By.xpath: //a[contains(text(),'Home')])
28110 [main] DEBUG ru.greg3d.TracingWebDriver - findElement(...) = [[FirefoxDriver: firefox on WINDOWS (cfdc4e20-ceec-44d9-918b-9c566692bac9)] -> xpath: //a[contains(text(),'Home')]]
28110 [main] DEBUG ru.greg3d.events.WebEventListener - beforeClickOn '[[FirefoxDriver: firefox on WINDOWS (cfdc4e20-ceec-44d9-918b-9c566692bac9)] -> xpath: //a[contains(text(),'Home')]]'
28349 [main] DEBUG ru.greg3d.events.WebEventListener - afterClickOn '[[FirefoxDriver: firefox on WINDOWS (cfdc4e20-ceec-44d9-918b-9c566692bac9)] -> xpath: //a[contains(text(),'Home')]]'
29424 [main] INFO  ru.greg3d.TestBase - <<< @Test goHome
29429 [main] INFO  ru.greg3d.TestBase - >>> @Test testSearchFirstRecord
29430 [main] DEBUG ru.greg3d.TracingWebDriver - findElements()
29430 [main] DEBUG ru.greg3d.TracingWebDriver - findElements(By.cssSelector: .title)
29450 [main] DEBUG Browser - [2016-02-17T14:46:03+0300] [WARNING] Метод getPreventDefault() является устаревшим. Для его замены используйте метод defaultPrevented.
29450 [main] DEBUG Browser - [2016-02-17T14:46:03+0300] [WARNING] Ожидалось «none», «URL» или функция фильтра, но найдено «Alpha(».  Ошибка при парсинге значения «filter».  Потерянное объявление.
29450 [main] DEBUG Browser - [2016-02-17T14:46:03+0300] [WARNING] Неизвестное свойство «zoom».  Потерянное объявление.
29450 [main] DEBUG Browser - [2016-02-17T14:46:03+0300] [WARNING] Неизвестное свойство «zoom».  Потерянное объявление.
29450 [main] DEBUG Browser - [2016-02-17T14:46:03+0300] [WARNING] Неизвестное свойство «zoom».  Потерянное объявление.
29450 [main] DEBUG Browser - [2016-02-17T14:46:03+0300] [WARNING] Неизвестное свойство «zoom».  Потерянное объявление.
29451 [main] DEBUG Browser - [2016-02-17T14:46:03+0300] [WARNING] Неизвестное свойство «zoom».  Потерянное объявление.
29451 [main] DEBUG Browser - [2016-02-17T14:46:03+0300] [WARNING] Ожидалось «none», «URL» или функция фильтра, но найдено «mask(».  Ошибка при парсинге значения «filter».  Потерянное объявление.
29451 [main] DEBUG Browser - [2016-02-17T14:46:03+0300] [WARNING] Неизвестное свойство «zoom».  Потерянное объявление.
29451 [main] DEBUG Browser - [2016-02-17T14:46:03+0300] [WARNING] Неизвестное свойство «zoom».  Потерянное объявление.
29451 [main] DEBUG Browser - [2016-02-17T14:46:03+0300] [WARNING] Ожидалось «none», «URL» или функция фильтра, но найдено «Alpha(».  Ошибка при парсинге значения «filter».  Потерянное объявление.
29451 [main] DEBUG Browser - [2016-02-17T14:46:03+0300] [WARNING] Ожидалось «none», «URL» или функция фильтра, но найдено «Alpha(».  Ошибка при парсинге значения «filter».  Потерянное объявление.
29451 [main] DEBUG Browser - [2016-02-17T14:46:03+0300] [WARNING] Неизвестное свойство «-moz-border-radius-topleft».  Потерянное объявление.
29451 [main] DEBUG Browser - [2016-02-17T14:46:03+0300] [WARNING] Неизвестное свойство «-moz-border-radius-topright».  Потерянное объявление.
29451 [main] DEBUG Browser - [2016-02-17T14:46:03+0300] [WARNING] Неизвестное свойство «-moz-border-radius-bottomleft».  Потерянное объявление.
29451 [main] DEBUG Browser - [2016-02-17T14:46:03+0300] [WARNING] Неизвестное свойство «-moz-border-radius-bottomright».  Потерянное объявление.
29451 [main] DEBUG Browser - [2016-02-17T14:46:03+0300] [WARNING] Ожидалось «none», «URL» или функция фильтра, но найдено «Alpha(».  Ошибка при парсинге значения «filter».  Потерянное объявление.
29451 [main] DEBUG Browser - [2016-02-17T14:46:03+0300] [WARNING] Ожидалось «none», «URL» или функция фильтра, но найдено «Alpha(».  Ошибка при парсинге значения «filter».  Потерянное объявление.
29451 [main] DEBUG Browser - [2016-02-17T14:46:03+0300] [WARNING] Неизвестное свойство «-moz-border-radius».  Потерянное объявление.
29451 [main] DEBUG Browser - [2016-02-17T14:46:03+0300] [WARNING] Неизвестное свойство «zoom».  Потерянное объявление.
29451 [main] DEBUG Browser - [2016-02-17T14:46:03+0300] [WARNING] Ожидалось «none», «URL» или функция фильтра, но найдено «chroma(».  Ошибка при парсинге значения «filter».  Потерянное объявление.
29451 [main] DEBUG Browser - [2016-02-17T14:46:03+0300] [WARNING] Метод getAttributeNode() является устаревшим. Для его замены используйте метод getAttribute().
29481 [main] DEBUG ru.greg3d.TracingWebDriver - findElements(...) = [[[FirefoxDriver: firefox on WINDOWS (cfdc4e20-ceec-44d9-918b-9c566692bac9)] -> css selector: .title], [[FirefoxDriver: firefox on WINDOWS (cfdc4e20-ceec-44d9-918b-9c566692bac9)] -> css selector: .title], [[FirefoxDriver: firefox on WINDOWS (cfdc4e20-ceec-44d9-918b-9c566692bac9)] -> css selector: .title], [[FirefoxDriver: firefox on WINDOWS (cfdc4e20-ceec-44d9-918b-9c566692bac9)] -> css selector: .title]]
29481 [main] DEBUG ru.greg3d.TracingWebDriver - findElements()
29481 [main] DEBUG ru.greg3d.TracingWebDriver - findElements(By.cssSelector: .title)
29540 [main] DEBUG ru.greg3d.TracingWebDriver - findElements(...) = [[[FirefoxDriver: firefox on WINDOWS (cfdc4e20-ceec-44d9-918b-9c566692bac9)] -> css selector: .title], [[FirefoxDriver: firefox on WINDOWS (cfdc4e20-ceec-44d9-918b-9c566692bac9)] -> css selector: .title], [[FirefoxDriver: firefox on WINDOWS (cfdc4e20-ceec-44d9-918b-9c566692bac9)] -> css selector: .title], [[FirefoxDriver: firefox on WINDOWS (cfdc4e20-ceec-44d9-918b-9c566692bac9)] -> css selector: .title]]
29569 [main] DEBUG ru.greg3d.TracingWebDriver - findElement()
29569 [main] DEBUG ru.greg3d.TracingWebDriver - findElement(By.id: q)
29608 [main] DEBUG ru.greg3d.TracingWebDriver - findElement(...) = [[FirefoxDriver: firefox on WINDOWS (cfdc4e20-ceec-44d9-918b-9c566692bac9)] -> id: q]
29637 [main] DEBUG ru.greg3d.events.WebEventListener - beforeChangeValueOf: '[[FirefoxDriver: firefox on WINDOWS (cfdc4e20-ceec-44d9-918b-9c566692bac9)] -> id: q]'
29727 [main] DEBUG ru.greg3d.events.WebEventListener - afterChangeValueOf: '[[FirefoxDriver: firefox on WINDOWS (cfdc4e20-ceec-44d9-918b-9c566692bac9)] -> id: q]'
29727 [main] DEBUG ru.greg3d.TracingWebDriver - findElement()
29727 [main] DEBUG ru.greg3d.TracingWebDriver - findElement(By.id: q)
29745 [main] DEBUG Browser - [2016-02-17T14:46:04+0300] [WARNING] Метод getPreventDefault() является устаревшим. Для его замены используйте метод defaultPrevented.
29773 [main] DEBUG ru.greg3d.TracingWebDriver - findElement(...) = [[FirefoxDriver: firefox on WINDOWS (cfdc4e20-ceec-44d9-918b-9c566692bac9)] -> id: q]
29809 [main] DEBUG ru.greg3d.events.WebEventListener - beforeChangeValueOf: '[[FirefoxDriver: firefox on WINDOWS (cfdc4e20-ceec-44d9-918b-9c566692bac9)] -> id: q]'
29940 [main] DEBUG ru.greg3d.events.WebEventListener - afterChangeValueOf: '[[FirefoxDriver: firefox on WINDOWS (cfdc4e20-ceec-44d9-918b-9c566692bac9)] -> id: q]'new name_1455637869929
29940 [main] DEBUG ru.greg3d.TracingWebDriver - executeScript()
29940 [main] DEBUG ru.greg3d.TracingWebDriver - executeScript(return $.active, ...)
29997 [main] DEBUG ru.greg3d.TracingWebDriver - executeScript(...) = 1
29997 [main] DEBUG ru.greg3d.TracingWebDriver - executeScript()
29997 [main] DEBUG ru.greg3d.TracingWebDriver - executeScript(return $.active, ...)
30065 [main] DEBUG ru.greg3d.TracingWebDriver - executeScript(...) = 0
30065 [main] DEBUG ru.greg3d.TracingWebDriver - findElements()
30065 [main] DEBUG ru.greg3d.TracingWebDriver - findElements(By.cssSelector: .title)
30109 [main] DEBUG ru.greg3d.TracingWebDriver - findElements(...) = [[[FirefoxDriver: firefox on WINDOWS (cfdc4e20-ceec-44d9-918b-9c566692bac9)] -> css selector: .title]]
30109 [main] DEBUG ru.greg3d.TracingWebDriver - findElement()
30109 [main] DEBUG ru.greg3d.TracingWebDriver - findElement(By.cssSelector: .title)
30153 [main] DEBUG ru.greg3d.TracingWebDriver - findElement(...) = [[FirefoxDriver: firefox on WINDOWS (cfdc4e20-ceec-44d9-918b-9c566692bac9)] -> css selector: .title]
30184 [main] INFO  ru.greg3d.Lesson2TestComplect - Done
30184 [main] INFO  ru.greg3d.TestBase - <<< @Test testSearchFirstRecord
30185 [main] INFO  ru.greg3d.TestBase - >>> @Test goHome
30185 [main] DEBUG ru.greg3d.TracingWebDriver - findElement()
30185 [main] DEBUG ru.greg3d.TracingWebDriver - findElement(By.xpath: //a[contains(text(),'Home')])
30229 [main] DEBUG ru.greg3d.TracingWebDriver - findElement(...) = [[FirefoxDriver: firefox on WINDOWS (cfdc4e20-ceec-44d9-918b-9c566692bac9)] -> xpath: //a[contains(text(),'Home')]]
30231 [main] DEBUG ru.greg3d.events.WebEventListener - beforeClickOn '[[FirefoxDriver: firefox on WINDOWS (cfdc4e20-ceec-44d9-918b-9c566692bac9)] -> xpath: //a[contains(text(),'Home')]]'
30420 [main] DEBUG ru.greg3d.events.WebEventListener - afterClickOn '[[FirefoxDriver: firefox on WINDOWS (cfdc4e20-ceec-44d9-918b-9c566692bac9)] -> xpath: //a[contains(text(),'Home')]]'
31458 [main] INFO  ru.greg3d.TestBase - <<< @Test goHome
31460 [main] INFO  ru.greg3d.TestBase - >>> @Test testUnSearchFirstRecord
31460 [main] DEBUG ru.greg3d.TracingWebDriver - findElements()
31460 [main] DEBUG ru.greg3d.TracingWebDriver - findElements(By.cssSelector: .title)
31480 [main] DEBUG Browser - [2016-02-17T14:46:05+0300] [WARNING] Ожидалось «none», «URL» или функция фильтра, но найдено «Alpha(».  Ошибка при парсинге значения «filter».  Потерянное объявление.
31480 [main] DEBUG Browser - [2016-02-17T14:46:05+0300] [WARNING] Неизвестное свойство «zoom».  Потерянное объявление.
31480 [main] DEBUG Browser - [2016-02-17T14:46:05+0300] [WARNING] Неизвестное свойство «zoom».  Потерянное объявление.
31480 [main] DEBUG Browser - [2016-02-17T14:46:05+0300] [WARNING] Неизвестное свойство «zoom».  Потерянное объявление.
31480 [main] DEBUG Browser - [2016-02-17T14:46:05+0300] [WARNING] Неизвестное свойство «zoom».  Потерянное объявление.
31481 [main] DEBUG Browser - [2016-02-17T14:46:05+0300] [WARNING] Неизвестное свойство «zoom».  Потерянное объявление.
31481 [main] DEBUG Browser - [2016-02-17T14:46:05+0300] [WARNING] Ожидалось «none», «URL» или функция фильтра, но найдено «mask(».  Ошибка при парсинге значения «filter».  Потерянное объявление.
31481 [main] DEBUG Browser - [2016-02-17T14:46:05+0300] [WARNING] Неизвестное свойство «zoom».  Потерянное объявление.
31481 [main] DEBUG Browser - [2016-02-17T14:46:05+0300] [WARNING] Неизвестное свойство «zoom».  Потерянное объявление.
31481 [main] DEBUG Browser - [2016-02-17T14:46:05+0300] [WARNING] Ожидалось «none», «URL» или функция фильтра, но найдено «Alpha(».  Ошибка при парсинге значения «filter».  Потерянное объявление.
31481 [main] DEBUG Browser - [2016-02-17T14:46:05+0300] [WARNING] Ожидалось «none», «URL» или функция фильтра, но найдено «Alpha(».  Ошибка при парсинге значения «filter».  Потерянное объявление.
31481 [main] DEBUG Browser - [2016-02-17T14:46:05+0300] [WARNING] Неизвестное свойство «-moz-border-radius-topleft».  Потерянное объявление.
31481 [main] DEBUG Browser - [2016-02-17T14:46:05+0300] [WARNING] Неизвестное свойство «-moz-border-radius-topright».  Потерянное объявление.
31481 [main] DEBUG Browser - [2016-02-17T14:46:05+0300] [WARNING] Неизвестное свойство «-moz-border-radius-bottomleft».  Потерянное объявление.
31481 [main] DEBUG Browser - [2016-02-17T14:46:05+0300] [WARNING] Неизвестное свойство «-moz-border-radius-bottomright».  Потерянное объявление.
31481 [main] DEBUG Browser - [2016-02-17T14:46:05+0300] [WARNING] Ожидалось «none», «URL» или функция фильтра, но найдено «Alpha(».  Ошибка при парсинге значения «filter».  Потерянное объявление.
31481 [main] DEBUG Browser - [2016-02-17T14:46:05+0300] [WARNING] Ожидалось «none», «URL» или функция фильтра, но найдено «Alpha(».  Ошибка при парсинге значения «filter».  Потерянное объявление.
31481 [main] DEBUG Browser - [2016-02-17T14:46:05+0300] [WARNING] Неизвестное свойство «-moz-border-radius».  Потерянное объявление.
31481 [main] DEBUG Browser - [2016-02-17T14:46:05+0300] [WARNING] Неизвестное свойство «zoom».  Потерянное объявление.
31481 [main] DEBUG Browser - [2016-02-17T14:46:05+0300] [WARNING] Ожидалось «none», «URL» или функция фильтра, но найдено «chroma(».  Ошибка при парсинге значения «filter».  Потерянное объявление.
31481 [main] DEBUG Browser - [2016-02-17T14:46:05+0300] [WARNING] Метод getAttributeNode() является устаревшим. Для его замены используйте метод getAttribute().
31508 [main] DEBUG ru.greg3d.TracingWebDriver - findElements(...) = [[[FirefoxDriver: firefox on WINDOWS (cfdc4e20-ceec-44d9-918b-9c566692bac9)] -> css selector: .title]]
31508 [main] DEBUG ru.greg3d.TracingWebDriver - findElements()
31508 [main] DEBUG ru.greg3d.TracingWebDriver - findElements(By.cssSelector: .title)
31552 [main] DEBUG ru.greg3d.TracingWebDriver - findElements(...) = [[[FirefoxDriver: firefox on WINDOWS (cfdc4e20-ceec-44d9-918b-9c566692bac9)] -> css selector: .title]]
31600 [main] DEBUG ru.greg3d.TracingWebDriver - findElement()
31600 [main] DEBUG ru.greg3d.TracingWebDriver - findElement(By.id: q)
31654 [main] DEBUG ru.greg3d.TracingWebDriver - findElement(...) = [[FirefoxDriver: firefox on WINDOWS (cfdc4e20-ceec-44d9-918b-9c566692bac9)] -> id: q]
31693 [main] DEBUG ru.greg3d.events.WebEventListener - beforeChangeValueOf: '[[FirefoxDriver: firefox on WINDOWS (cfdc4e20-ceec-44d9-918b-9c566692bac9)] -> id: q]'
31789 [main] DEBUG ru.greg3d.events.WebEventListener - afterChangeValueOf: '[[FirefoxDriver: firefox on WINDOWS (cfdc4e20-ceec-44d9-918b-9c566692bac9)] -> id: q]'name_1455637869929
31789 [main] DEBUG ru.greg3d.TracingWebDriver - findElement()
31789 [main] DEBUG ru.greg3d.TracingWebDriver - findElement(By.id: q)
31805 [main] DEBUG Browser - [2016-02-17T14:46:06+0300] [WARNING] Метод getPreventDefault() является устаревшим. Для его замены используйте метод defaultPrevented.
31833 [main] DEBUG ru.greg3d.TracingWebDriver - findElement(...) = [[FirefoxDriver: firefox on WINDOWS (cfdc4e20-ceec-44d9-918b-9c566692bac9)] -> id: q]
31866 [main] DEBUG ru.greg3d.events.WebEventListener - beforeChangeValueOf: '[[FirefoxDriver: firefox on WINDOWS (cfdc4e20-ceec-44d9-918b-9c566692bac9)] -> id: q]'
32007 [main] DEBUG ru.greg3d.events.WebEventListener - afterChangeValueOf: '[[FirefoxDriver: firefox on WINDOWS (cfdc4e20-ceec-44d9-918b-9c566692bac9)] -> id: q]'9299687365541_eman wenname_1455637869929
32007 [main] DEBUG ru.greg3d.TracingWebDriver - executeScript()
32007 [main] DEBUG ru.greg3d.TracingWebDriver - executeScript(return $.active, ...)
32088 [main] DEBUG ru.greg3d.TracingWebDriver - executeScript(...) = 1
32088 [main] DEBUG ru.greg3d.TracingWebDriver - executeScript()
32088 [main] DEBUG ru.greg3d.TracingWebDriver - executeScript(return $.active, ...)
32165 [main] DEBUG ru.greg3d.TracingWebDriver - executeScript(...) = 1
32665 [main] DEBUG ru.greg3d.TracingWebDriver - executeScript()
32665 [main] DEBUG ru.greg3d.TracingWebDriver - executeScript(return $.active, ...)
32785 [main] DEBUG ru.greg3d.TracingWebDriver - executeScript(...) = 0
32785 [main] DEBUG ru.greg3d.TracingWebDriver - findElements()
32785 [main] DEBUG ru.greg3d.TracingWebDriver - findElements(By.cssSelector: .title)
32863 [main] DEBUG ru.greg3d.TracingWebDriver - findElements(...) = []
32863 [main] INFO  ru.greg3d.TestBase - <<< @Test testUnSearchFirstRecord
32927 [main] INFO  ru.greg3d.TestBase - >>> @Test tearDown
34049 [main] INFO  ru.greg3d.TestBase - <<< @Test tearDown
483  [main] INFO  ru.greg3d.TestBase - >>> @Test SuiteSetup
492  [main] ERROR ru.greg3d.TestBase - test
24822 [main] INFO  ru.greg3d.TracingWebDriver - Init tracer for Build info: version: '2.51.0', revision: '1af067dbcaedd7d2ab9af5151fc471d363d97193', time: '2016-02-05 11:20:57', driver org.openqa.selenium.support.events.EventFiringWebDriver
24903 [main] INFO  ru.greg3d.TestBase - <<< @Test SuiteSetup
24912 [main] INFO  ru.greg3d.TestBase - >>> @Test DoLoginTest
24912 [main] DEBUG ru.greg3d.TracingWebDriver - get()
24912 [main] DEBUG ru.greg3d.TracingWebDriver - get(http://localhost/php4dvd/)
25031 [main] DEBUG Browser - [2016-02-17T17:43:59+0300] [INFO] Could not read chrome manifest 'file:///C:/Program%20Files%20(x86)/Mozilla%20Firefox/chrome.manifest'.

25031 [main] DEBUG Browser - [2016-02-17T17:43:59+0300] [INFO] 1455720237918	addons.manager	DEBUG	Application has been upgraded

25031 [main] DEBUG Browser - [2016-02-17T17:43:59+0300] [INFO] 1455720237932	addons.manager	DEBUG	Loaded provider scope for resource://gre/modules/addons/XPIProvider.jsm: ["XPIProvider"]

25031 [main] DEBUG Browser - [2016-02-17T17:43:59+0300] [INFO] 1455720237934	addons.manager	DEBUG	Loaded provider scope for resource://gre/modules/LightweightThemeManager.jsm: ["LightweightThemeManager"]

25031 [main] DEBUG Browser - [2016-02-17T17:43:59+0300] [INFO] 1455720237937	addons.manager	DEBUG	Loaded provider scope for resource://gre/modules/addons/GMPProvider.jsm

25031 [main] DEBUG Browser - [2016-02-17T17:43:59+0300] [INFO] 1455720237938	addons.manager	DEBUG	Loaded provider scope for resource://gre/modules/addons/PluginProvider.jsm

25031 [main] DEBUG Browser - [2016-02-17T17:43:59+0300] [INFO] 1455720237939	addons.manager	DEBUG	Starting provider: XPIProvider

25031 [main] DEBUG Browser - [2016-02-17T17:43:59+0300] [INFO] 1455720237939	addons.xpi	DEBUG	startup

25031 [main] DEBUG Browser - [2016-02-17T17:43:59+0300] [INFO] 1455720237940	addons.xpi	INFO	Mapping fxdriver@googlecode.com to C:\Users\greg3d\AppData\Local\Temp\anonymous3833461180135157174webdriver-profile\extensions\fxdriver@googlecode.com

25031 [main] DEBUG Browser - [2016-02-17T17:43:59+0300] [INFO] 1455720237940	addons.xpi	DEBUG	Ignoring file entry whose name is not a valid add-on ID: C:\Users\greg3d\AppData\Local\Temp\anonymous3833461180135157174webdriver-profile\extensions\webdriver-staging

25032 [main] DEBUG Browser - [2016-02-17T17:43:59+0300] [INFO] 1455720237941	addons.xpi	INFO	SystemAddonInstallLocation directory is missing

25032 [main] DEBUG Browser - [2016-02-17T17:43:59+0300] [INFO] 1455720237942	addons.xpi	INFO	Mapping {972ce4c6-7e08-4474-a285-3208198ce6fd} to C:\Program Files (x86)\Mozilla Firefox\browser\extensions\{972ce4c6-7e08-4474-a285-3208198ce6fd}

25032 [main] DEBUG Browser - [2016-02-17T17:43:59+0300] [INFO] 1455720237943	addons.xpi	DEBUG	Skipping unavailable install location app-system-share

25032 [main] DEBUG Browser - [2016-02-17T17:43:59+0300] [INFO] 1455720237943	addons.xpi	DEBUG	Skipping unavailable install location app-system-local

25032 [main] DEBUG Browser - [2016-02-17T17:43:59+0300] [INFO] 1455720237943	addons.xpi	WARN	Ignoring missing add-on in C:\Users\greg3d\AppData\Roaming\Mozilla\Firefox\Profiles\3u2467iu.default-1395048282005\extensions\quick_start@gmail.com

25032 [main] DEBUG Browser - [2016-02-17T17:43:59+0300] [INFO] 1455720237943	addons.xpi	WARN	Ignoring missing add-on in C:\Users\greg3d\AppData\Roaming\Mozilla\Firefox\Profiles\3u2467iu.default-1395048282005\extensions\faststartff@gmail.com

25032 [main] DEBUG Browser - [2016-02-17T17:43:59+0300] [INFO] 1455720237943	addons.xpi	WARN	Ignoring missing add-on in C:\Program Files (x86)\Mozilla Firefox\extensions\termtutor@termtutor.com

25032 [main] DEBUG Browser - [2016-02-17T17:43:59+0300] [INFO] 1455720237943	addons.xpi	DEBUG	checkForChanges

25032 [main] DEBUG Browser - [2016-02-17T17:43:59+0300] [INFO] 1455720237944	addons.xpi	DEBUG	Loaded add-on state from prefs: {}

25033 [main] DEBUG Browser - [2016-02-17T17:43:59+0300] [INFO] 1455720237944	addons.xpi	DEBUG	New add-on fxdriver@googlecode.com in app-profile

25033 [main] DEBUG Browser - [2016-02-17T17:43:59+0300] [INFO] 1455720237945	addons.xpi	DEBUG	getModTime: Recursive scan of fxdriver@googlecode.com

25033 [main] DEBUG Browser - [2016-02-17T17:43:59+0300] [INFO] 1455720237949	addons.xpi	DEBUG	New add-on {972ce4c6-7e08-4474-a285-3208198ce6fd} in app-global

25033 [main] DEBUG Browser - [2016-02-17T17:43:59+0300] [INFO] 1455720237949	addons.xpi	DEBUG	getModTime: Recursive scan of {972ce4c6-7e08-4474-a285-3208198ce6fd}

25033 [main] DEBUG Browser - [2016-02-17T17:43:59+0300] [INFO] 1455720237950	addons.xpi	DEBUG	getInstallState changed: true, state: {"app-profile":{"fxdriver@googlecode.com":{"d":"C:\\Users\\greg3d\\AppData\\Local\\Temp\\anonymous3833461180135157174webdriver-profile\\extensions\\fxdriver@googlecode.com","st":1455720237009,"mt":1455720236945}},"app-global":{"{972ce4c6-7e08-4474-a285-3208198ce6fd}":{"d":"C:\\Program Files (x86)\\Mozilla Firefox\\browser\\extensions\\{972ce4c6-7e08-4474-a285-3208198ce6fd}","st":1455528240179,"mt":1455528239958}}}

25033 [main] DEBUG Browser - [2016-02-17T17:43:59+0300] [INFO] 1455720237958	addons.xpi-utils	DEBUG	Opening XPI database C:\Users\greg3d\AppData\Local\Temp\anonymous3833461180135157174webdriver-profile\extensions.json

25033 [main] DEBUG Browser - [2016-02-17T17:43:59+0300] [INFO] 1455720237959	addons.xpi-utils	DEBUG	New add-on fxdriver@googlecode.com installed in app-profile

25033 [main] DEBUG Browser - [2016-02-17T17:43:59+0300] [INFO] Blocklist::_loadBlocklistFromFile: blocklist is disabled

25033 [main] DEBUG Browser - [2016-02-17T17:43:59+0300] [INFO] 1455720237990	DeferredSave.extensions.json	DEBUG	Save changes

25033 [main] DEBUG Browser - [2016-02-17T17:43:59+0300] [INFO] 1455720237991	addons.xpi-utils	DEBUG	New add-on {972ce4c6-7e08-4474-a285-3208198ce6fd} installed in app-global

25034 [main] DEBUG Browser - [2016-02-17T17:43:59+0300] [INFO] 1455720237995	DeferredSave.extensions.json	DEBUG	Starting timer

25034 [main] DEBUG Browser - [2016-02-17T17:43:59+0300] [INFO] 1455720237996	DeferredSave.extensions.json	DEBUG	Save changes

25034 [main] DEBUG Browser - [2016-02-17T17:43:59+0300] [INFO] 1455720237996	addons.xpi-utils	INFO	Hiding the updated system add-ons.

25034 [main] DEBUG Browser - [2016-02-17T17:43:59+0300] [INFO] 1455720237997	addons.manager	DEBUG	Registering startup change 'installed' for fxdriver@googlecode.com

25034 [main] DEBUG Browser - [2016-02-17T17:43:59+0300] [INFO] 1455720237997	addons.xpi-utils	DEBUG	Make addon app-profile:fxdriver@googlecode.com visible

25034 [main] DEBUG Browser - [2016-02-17T17:43:59+0300] [INFO] 1455720237997	DeferredSave.extensions.json	DEBUG	Save changes

25034 [main] DEBUG Browser - [2016-02-17T17:43:59+0300] [INFO] 1455720237997	addons.xpi-utils	DEBUG	Make addon app-global:{972ce4c6-7e08-4474-a285-3208198ce6fd} visible

25034 [main] DEBUG Browser - [2016-02-17T17:43:59+0300] [INFO] 1455720237997	DeferredSave.extensions.json	DEBUG	Save changes

25034 [main] DEBUG Browser - [2016-02-17T17:43:59+0300] [INFO] 1455720237997	addons.xpi	DEBUG	Updating XPIState for {"id":"fxdriver@googlecode.com","syncGUID":"66ToE9Aoe70s","location":"app-profile","version":"2.51.0","type":"extension","internalName":null,"updateURL":null,"updateKey":null,"optionsURL":null,"optionsType":null,"aboutURL":null,"icons":{},"iconURL":null,"icon64URL":null,"defaultLocale":{"name":"Firefox WebDriver","description":"WebDriver implementation for Firefox","creator":"Simon Stewart","homepageURL":null},"visible":true,"active":true,"userDisabled":false,"appDisabled":false,"descriptor":"C:\\Users\\greg3d\\AppData\\Local\\Temp\\anonymous3833461180135157174webdriver-profile\\extensions\\fxdriver@googlecode.com","installDate":1455720237009,"updateDate":1455720237009,"applyBackgroundUpdates":1,"bootstrap":false,"size":3235247,"sourceURI":null,"releaseNotesURI":null,"softDisabled":false,"foreignInstall":true,"hasBinaryComponents":true,"strictCompatibility":false,"locales":[],"targetApplications":[{"id":"{ec8030f7-c20a-464f-9b0e-13a3a9e97384}","minVersion":"3.0","maxVersion":"47.0"}],"targetPlatforms":[{"os":"Darwin","abi":null},{"os":"SunOS","abi":null},{"os":"FreeBSD","abi":null},{"os":"OpenBSD","abi":null},{"os":"WINNT","abi":"x86-msvc"},{"os":"Linux","abi":null}],"multiprocessCompatible":false,"signedState":0}

25035 [main] DEBUG Browser - [2016-02-17T17:43:59+0300] [INFO] 1455720237998	addons.xpi	DEBUG	getModTime: Recursive scan of fxdriver@googlecode.com

25035 [main] DEBUG Browser - [2016-02-17T17:43:59+0300] [INFO] 1455720238001	addons.xpi	DEBUG	Updating XPIState for {"id":"{972ce4c6-7e08-4474-a285-3208198ce6fd}","syncGUID":"zdXqhXpQGx24","location":"app-global","version":"44.0.2","type":"theme","internalName":"classic/1.0","updateURL":null,"updateKey":null,"optionsURL":null,"optionsType":null,"aboutURL":null,"icons":{"32":"icon.png","48":"icon.png"},"iconURL":null,"icon64URL":null,"defaultLocale":{"name":"Default","description":"The default theme.","creator":"Mozilla","homepageURL":null,"contributors":["Mozilla Contributors"]},"visible":true,"active":true,"userDisabled":false,"appDisabled":false,"descriptor":"C:\\Program Files (x86)\\Mozilla Firefox\\browser\\extensions\\{972ce4c6-7e08-4474-a285-3208198ce6fd}","installDate":1455528240179,"updateDate":1455528240179,"applyBackgroundUpdates":1,"skinnable":true,"size":24172,"sourceURI":null,"releaseNotesURI":null,"softDisabled":false,"foreignInstall":false,"hasBinaryComponents":false,"strictCompatibility":true,"locales":[],"targetApplications":[{"id":"{ec8030f7-c20a-464f-9b0e-13a3a9e97384}","minVersion":"44.0.2","maxVersion":"44.0.2"}],"targetPlatforms":[]}

25035 [main] DEBUG Browser - [2016-02-17T17:43:59+0300] [INFO] 1455720238001	addons.xpi	DEBUG	getModTime: Recursive scan of {972ce4c6-7e08-4474-a285-3208198ce6fd}

25035 [main] DEBUG Browser - [2016-02-17T17:43:59+0300] [INFO] 1455720238002	DeferredSave.extensions.json	DEBUG	Save changes

25035 [main] DEBUG Browser - [2016-02-17T17:43:59+0300] [INFO] 1455720238002	addons.xpi	DEBUG	Updating database with changes to installed add-ons

25035 [main] DEBUG Browser - [2016-02-17T17:43:59+0300] [INFO] 1455720238003	addons.xpi-utils	DEBUG	Updating add-on states

25035 [main] DEBUG Browser - [2016-02-17T17:43:59+0300] [INFO] 1455720238003	addons.xpi-utils	DEBUG	Writing add-ons list

25035 [main] DEBUG Browser - [2016-02-17T17:43:59+0300] [INFO] 1455720238017	addons.manager	DEBUG	Registering shutdown blocker for XPIProvider

25035 [main] DEBUG Browser - [2016-02-17T17:43:59+0300] [INFO] 1455720238017	addons.manager	DEBUG	Provider finished startup: XPIProvider

25035 [main] DEBUG Browser - [2016-02-17T17:43:59+0300] [INFO] 1455720238017	addons.manager	DEBUG	Starting provider: LightweightThemeManager

25036 [main] DEBUG Browser - [2016-02-17T17:43:59+0300] [INFO] 1455720238017	addons.manager	DEBUG	Registering shutdown blocker for LightweightThemeManager

25036 [main] DEBUG Browser - [2016-02-17T17:43:59+0300] [INFO] 1455720238018	addons.manager	DEBUG	Provider finished startup: LightweightThemeManager

25036 [main] DEBUG Browser - [2016-02-17T17:43:59+0300] [INFO] 1455720238018	addons.manager	DEBUG	Starting provider: GMPProvider

25036 [main] DEBUG Browser - [2016-02-17T17:43:59+0300] [INFO] 1455720238024	addons.manager	DEBUG	Registering shutdown blocker for GMPProvider

25036 [main] DEBUG Browser - [2016-02-17T17:43:59+0300] [INFO] 1455720238024	addons.manager	DEBUG	Provider finished startup: GMPProvider

25036 [main] DEBUG Browser - [2016-02-17T17:43:59+0300] [INFO] 1455720238024	addons.manager	DEBUG	Starting provider: PluginProvider

25036 [main] DEBUG Browser - [2016-02-17T17:43:59+0300] [INFO] 1455720238024	addons.manager	DEBUG	Registering shutdown blocker for PluginProvider

25036 [main] DEBUG Browser - [2016-02-17T17:43:59+0300] [INFO] 1455720238025	addons.manager	DEBUG	Provider finished startup: PluginProvider

25036 [main] DEBUG Browser - [2016-02-17T17:43:59+0300] [INFO] 1455720238025	addons.manager	DEBUG	Completed startup sequence

25036 [main] DEBUG Browser - [2016-02-17T17:43:59+0300] [WARNING] Trying to re-register CID '{e26dbdcd-d3ba-4ded-88c3-6cb07ee3e9e0}' already registered by file:///C:/Users/greg3d/AppData/Local/Temp/anonymous3833461180135157174webdriver-profile/extensions/fxdriver@googlecode.com/components/prompt-service.js.
25037 [main] DEBUG Browser - [2016-02-17T17:43:59+0300] [WARNING] Only application manifests may use the 'binary-component' directive.
25037 [main] DEBUG Browser - [2016-02-17T17:43:59+0300] [INFO] While creating services from category 'profile-after-change', could not create service for entry 'Sapi Speech Synth', contract ID '@mozilla.org/synthsapi;1'

25037 [main] DEBUG Browser - [2016-02-17T17:43:59+0300] [INFO] 1455720238137	Toolkit.Telemetry	ERROR	ClientID::getCachedClientID - invalid client id in preferences, resetting: null
25037 [main] DEBUG Browser - [2016-02-17T17:43:59+0300] [INFO] 1455720238145	Toolkit.Telemetry	ERROR	ClientID::getCachedClientID - invalid client id in preferences, resetting: null
25037 [main] DEBUG Browser - [2016-02-17T17:43:59+0300] [INFO] 1455720238268	addons.manager	DEBUG	Starting provider: <unnamed-provider>

25037 [main] DEBUG Browser - [2016-02-17T17:43:59+0300] [INFO] 1455720238268	addons.manager	DEBUG	Registering shutdown blocker for <unnamed-provider>

25037 [main] DEBUG Browser - [2016-02-17T17:43:59+0300] [INFO] 1455720238269	addons.manager	DEBUG	Provider finished startup: <unnamed-provider>

25037 [main] DEBUG Browser - [2016-02-17T17:43:59+0300] [INFO] Warning: unrecognized command line flag -foreground

25037 [main] DEBUG Browser - [2016-02-17T17:43:59+0300] [INFO] 1455720238375	DeferredSave.extensions.json	DEBUG	Starting write

25037 [main] DEBUG Browser - [2016-02-17T17:43:59+0300] [INFO] 1455720238662	addons.repository	DEBUG	No addons.json found.

25038 [main] DEBUG Browser - [2016-02-17T17:43:59+0300] [INFO] 1455720238662	DeferredSave.addons.json	DEBUG	Save changes

25038 [main] DEBUG Browser - [2016-02-17T17:43:59+0300] [INFO] 1455720238665	DeferredSave.addons.json	DEBUG	Starting timer

25038 [main] DEBUG Browser - [2016-02-17T17:43:59+0300] [INFO] 1455720238678	addons.manager	DEBUG	Starting provider: PreviousExperimentProvider

25038 [main] DEBUG Browser - [2016-02-17T17:43:59+0300] [INFO] 1455720238678	addons.manager	DEBUG	Registering shutdown blocker for PreviousExperimentProvider

25038 [main] DEBUG Browser - [2016-02-17T17:43:59+0300] [INFO] 1455720238678	addons.manager	DEBUG	Provider finished startup: PreviousExperimentProvider

25038 [main] DEBUG Browser - [2016-02-17T17:43:59+0300] [INFO] 1455720238682	DeferredSave.extensions.json	DEBUG	Write succeeded

25038 [main] DEBUG Browser - [2016-02-17T17:43:59+0300] [INFO] 1455720238682	addons.xpi-utils	DEBUG	XPI Database saved, setting schema version preference to 17

25038 [main] DEBUG Browser - [2016-02-17T17:43:59+0300] [INFO] 1455720238717	DeferredSave.addons.json	DEBUG	Starting write

25039 [main] DEBUG Browser - [2016-02-17T17:43:59+0300] [INFO] 1455720238970	DeferredSave.addons.json	DEBUG	Write succeeded

25784 [main] DEBUG ru.greg3d.TracingWebDriver - get(...) = null
25784 [main] DEBUG ru.greg3d.TracingWebDriver - findElement()
25784 [main] DEBUG ru.greg3d.TracingWebDriver - findElement(By.id: username)
25810 [main] DEBUG Browser - [2016-02-17T17:44:01+0300] [WARNING] Ожидалось «none», «URL» или функция фильтра, но найдено «Alpha(».  Ошибка при парсинге значения «filter».  Потерянное объявление.
25810 [main] DEBUG Browser - [2016-02-17T17:44:01+0300] [WARNING] Неизвестное свойство «zoom».  Потерянное объявление.
25810 [main] DEBUG Browser - [2016-02-17T17:44:01+0300] [WARNING] Неизвестное свойство «zoom».  Потерянное объявление.
25810 [main] DEBUG Browser - [2016-02-17T17:44:01+0300] [WARNING] Неизвестное свойство «zoom».  Потерянное объявление.
25810 [main] DEBUG Browser - [2016-02-17T17:44:01+0300] [WARNING] Неизвестное свойство «zoom».  Потерянное объявление.
25811 [main] DEBUG Browser - [2016-02-17T17:44:01+0300] [WARNING] Неизвестное свойство «zoom».  Потерянное объявление.
25811 [main] DEBUG Browser - [2016-02-17T17:44:01+0300] [WARNING] Ожидалось «none», «URL» или функция фильтра, но найдено «mask(».  Ошибка при парсинге значения «filter».  Потерянное объявление.
25811 [main] DEBUG Browser - [2016-02-17T17:44:01+0300] [WARNING] Неизвестное свойство «zoom».  Потерянное объявление.
25811 [main] DEBUG Browser - [2016-02-17T17:44:01+0300] [WARNING] Неизвестное свойство «zoom».  Потерянное объявление.
25811 [main] DEBUG Browser - [2016-02-17T17:44:01+0300] [WARNING] Ожидалось «none», «URL» или функция фильтра, но найдено «Alpha(».  Ошибка при парсинге значения «filter».  Потерянное объявление.
25811 [main] DEBUG Browser - [2016-02-17T17:44:01+0300] [WARNING] Ожидалось «none», «URL» или функция фильтра, но найдено «Alpha(».  Ошибка при парсинге значения «filter».  Потерянное объявление.
25811 [main] DEBUG Browser - [2016-02-17T17:44:01+0300] [WARNING] Неизвестное свойство «-moz-border-radius-topleft».  Потерянное объявление.
25811 [main] DEBUG Browser - [2016-02-17T17:44:01+0300] [WARNING] Неизвестное свойство «-moz-border-radius-topright».  Потерянное объявление.
25813 [main] DEBUG Browser - [2016-02-17T17:44:01+0300] [WARNING] Неизвестное свойство «-moz-border-radius-bottomleft».  Потерянное объявление.
25813 [main] DEBUG Browser - [2016-02-17T17:44:01+0300] [WARNING] Неизвестное свойство «-moz-border-radius-bottomright».  Потерянное объявление.
25813 [main] DEBUG Browser - [2016-02-17T17:44:01+0300] [WARNING] Ожидалось «none», «URL» или функция фильтра, но найдено «Alpha(».  Ошибка при парсинге значения «filter».  Потерянное объявление.
25813 [main] DEBUG Browser - [2016-02-17T17:44:01+0300] [WARNING] Ожидалось «none», «URL» или функция фильтра, но найдено «Alpha(».  Ошибка при парсинге значения «filter».  Потерянное объявление.
25813 [main] DEBUG Browser - [2016-02-17T17:44:01+0300] [WARNING] Неизвестное свойство «-moz-border-radius».  Потерянное объявление.
25814 [main] DEBUG Browser - [2016-02-17T17:44:01+0300] [WARNING] Неизвестное свойство «zoom».  Потерянное объявление.
25814 [main] DEBUG Browser - [2016-02-17T17:44:01+0300] [WARNING] Ожидалось «none», «URL» или функция фильтра, но найдено «chroma(».  Ошибка при парсинге значения «filter».  Потерянное объявление.
25892 [main] DEBUG ru.greg3d.TracingWebDriver - findElement(...) = [[FirefoxDriver: firefox on WINDOWS (e55a452b-7f5e-4918-a7f5-d039ccecd601)] -> id: username]
25919 [main] DEBUG ru.greg3d.events.WebEventListener - beforeChangeValueOf: '[[FirefoxDriver: firefox on WINDOWS (e55a452b-7f5e-4918-a7f5-d039ccecd601)] -> id: username]'
26017 [main] DEBUG ru.greg3d.events.WebEventListener - afterChangeValueOf: '[[FirefoxDriver: firefox on WINDOWS (e55a452b-7f5e-4918-a7f5-d039ccecd601)] -> id: username]'
26041 [main] DEBUG ru.greg3d.events.WebEventListener - beforeChangeValueOf: '[[FirefoxDriver: firefox on WINDOWS (e55a452b-7f5e-4918-a7f5-d039ccecd601)] -> id: username]'
26122 [main] DEBUG ru.greg3d.events.WebEventListener - afterChangeValueOf: '[[FirefoxDriver: firefox on WINDOWS (e55a452b-7f5e-4918-a7f5-d039ccecd601)] -> id: username]'admin
26123 [main] DEBUG ru.greg3d.TracingWebDriver - findElement()
26123 [main] DEBUG ru.greg3d.TracingWebDriver - findElement(By.name: password)
26147 [main] DEBUG Browser - [2016-02-17T17:44:01+0300] [WARNING] Метод getAttributeNode() является устаревшим. Для его замены используйте метод getAttribute().
26147 [main] DEBUG Browser - [2016-02-17T17:44:01+0300] [WARNING] Метод getPreventDefault() является устаревшим. Для его замены используйте метод defaultPrevented.
26147 [main] DEBUG Browser - [2016-02-17T17:44:01+0300] [WARNING] Данный Key event недоступен при использовании некоторых раскладок клавиатуры: ключ=«c» модификаторы=«accel,alt»
26147 [main] DEBUG Browser - [2016-02-17T17:44:01+0300] [WARNING] Данный Key event недоступен при использовании некоторых раскладок клавиатуры: ключ=«i» модификаторы=«accel,alt,shift»
26238 [main] DEBUG ru.greg3d.TracingWebDriver - findElement(...) = [[FirefoxDriver: firefox on WINDOWS (e55a452b-7f5e-4918-a7f5-d039ccecd601)] -> name: password]
26313 [main] DEBUG ru.greg3d.events.WebEventListener - beforeChangeValueOf: '[[FirefoxDriver: firefox on WINDOWS (e55a452b-7f5e-4918-a7f5-d039ccecd601)] -> name: password]'
26398 [main] DEBUG ru.greg3d.events.WebEventListener - afterChangeValueOf: '[[FirefoxDriver: firefox on WINDOWS (e55a452b-7f5e-4918-a7f5-d039ccecd601)] -> name: password]'
26426 [main] DEBUG ru.greg3d.events.WebEventListener - beforeChangeValueOf: '[[FirefoxDriver: firefox on WINDOWS (e55a452b-7f5e-4918-a7f5-d039ccecd601)] -> name: password]'
26509 [main] DEBUG ru.greg3d.events.WebEventListener - afterChangeValueOf: '[[FirefoxDriver: firefox on WINDOWS (e55a452b-7f5e-4918-a7f5-d039ccecd601)] -> name: password]'admin_
26509 [main] DEBUG ru.greg3d.TracingWebDriver - findElement()
26509 [main] DEBUG ru.greg3d.TracingWebDriver - findElement(By.name: submit)
26547 [main] DEBUG ru.greg3d.TracingWebDriver - findElement(...) = [[FirefoxDriver: firefox on WINDOWS (e55a452b-7f5e-4918-a7f5-d039ccecd601)] -> name: submit]
26547 [main] DEBUG ru.greg3d.events.WebEventListener - beforeClickOn '[[FirefoxDriver: firefox on WINDOWS (e55a452b-7f5e-4918-a7f5-d039ccecd601)] -> name: submit]'
27002 [main] DEBUG ru.greg3d.events.WebEventListener - afterClickOn '[[FirefoxDriver: firefox on WINDOWS (e55a452b-7f5e-4918-a7f5-d039ccecd601)] -> name: submit]'
27055 [main] DEBUG ru.greg3d.TracingWebDriver - getCurrentUrl()
27055 [main] DEBUG ru.greg3d.TracingWebDriver - getCurrentUrl()
27077 [main] DEBUG Browser - [2016-02-17T17:44:02+0300] [WARNING] Ожидалось «none», «URL» или функция фильтра, но найдено «Alpha(».  Ошибка при парсинге значения «filter».  Потерянное объявление.
27077 [main] DEBUG Browser - [2016-02-17T17:44:02+0300] [WARNING] Неизвестное свойство «zoom».  Потерянное объявление.
27077 [main] DEBUG Browser - [2016-02-17T17:44:02+0300] [WARNING] Неизвестное свойство «zoom».  Потерянное объявление.
27077 [main] DEBUG Browser - [2016-02-17T17:44:02+0300] [WARNING] Неизвестное свойство «zoom».  Потерянное объявление.
27078 [main] DEBUG Browser - [2016-02-17T17:44:02+0300] [WARNING] Неизвестное свойство «zoom».  Потерянное объявление.
27078 [main] DEBUG Browser - [2016-02-17T17:44:02+0300] [WARNING] Неизвестное свойство «zoom».  Потерянное объявление.
27078 [main] DEBUG Browser - [2016-02-17T17:44:02+0300] [WARNING] Ожидалось «none», «URL» или функция фильтра, но найдено «mask(».  Ошибка при парсинге значения «filter».  Потерянное объявление.
27078 [main] DEBUG Browser - [2016-02-17T17:44:02+0300] [WARNING] Неизвестное свойство «zoom».  Потерянное объявление.
27078 [main] DEBUG Browser - [2016-02-17T17:44:02+0300] [WARNING] Неизвестное свойство «zoom».  Потерянное объявление.
27078 [main] DEBUG Browser - [2016-02-17T17:44:02+0300] [WARNING] Ожидалось «none», «URL» или функция фильтра, но найдено «Alpha(».  Ошибка при парсинге значения «filter».  Потерянное объявление.
27078 [main] DEBUG Browser - [2016-02-17T17:44:02+0300] [WARNING] Ожидалось «none», «URL» или функция фильтра, но найдено «Alpha(».  Ошибка при парсинге значения «filter».  Потерянное объявление.
27078 [main] DEBUG Browser - [2016-02-17T17:44:02+0300] [WARNING] Неизвестное свойство «-moz-border-radius-topleft».  Потерянное объявление.
27078 [main] DEBUG Browser - [2016-02-17T17:44:02+0300] [WARNING] Неизвестное свойство «-moz-border-radius-topright».  Потерянное объявление.
27078 [main] DEBUG Browser - [2016-02-17T17:44:02+0300] [WARNING] Неизвестное свойство «-moz-border-radius-bottomleft».  Потерянное объявление.
27079 [main] DEBUG Browser - [2016-02-17T17:44:02+0300] [WARNING] Неизвестное свойство «-moz-border-radius-bottomright».  Потерянное объявление.
27079 [main] DEBUG Browser - [2016-02-17T17:44:02+0300] [WARNING] Ожидалось «none», «URL» или функция фильтра, но найдено «Alpha(».  Ошибка при парсинге значения «filter».  Потерянное объявление.
27079 [main] DEBUG Browser - [2016-02-17T17:44:02+0300] [WARNING] Ожидалось «none», «URL» или функция фильтра, но найдено «Alpha(».  Ошибка при парсинге значения «filter».  Потерянное объявление.
27079 [main] DEBUG Browser - [2016-02-17T17:44:02+0300] [WARNING] Неизвестное свойство «-moz-border-radius».  Потерянное объявление.
27079 [main] DEBUG Browser - [2016-02-17T17:44:02+0300] [WARNING] Неизвестное свойство «zoom».  Потерянное объявление.
27079 [main] DEBUG Browser - [2016-02-17T17:44:02+0300] [WARNING] Ожидалось «none», «URL» или функция фильтра, но найдено «chroma(».  Ошибка при парсинге значения «filter».  Потерянное объявление.
27106 [main] DEBUG ru.greg3d.TracingWebDriver - getCurrentUrl(...) = http://localhost/php4dvd/
529  [main] INFO  ru.greg3d.TestBase - >>> @Test SuiteSetup
549  [main] ERROR ru.greg3d.TestBase - test
5866 [main] INFO  ru.greg3d.TracingWebDriver - Init tracer for Build info: version: '2.51.0', revision: '1af067dbcaedd7d2ab9af5151fc471d363d97193', time: '2016-02-05 11:20:57', driver org.openqa.selenium.support.events.EventFiringWebDriver
69764 [main] INFO  ru.greg3d.TestBase - <<< @Test SuiteSetup
69772 [main] INFO  ru.greg3d.TestBase - >>> @Test DoLoginTest
69772 [main] DEBUG ru.greg3d.TracingWebDriver - get()
69773 [main] DEBUG ru.greg3d.TracingWebDriver - get(http://localhost/php4dvd/)
69854 [main] DEBUG Browser - [2016-02-17T17:45:50+0300] [INFO] Could not read chrome manifest 'file:///C:/Program%20Files%20(x86)/Mozilla%20Firefox/chrome.manifest'.

69854 [main] DEBUG Browser - [2016-02-17T17:45:50+0300] [INFO] 1455720349175	addons.manager	DEBUG	Application has been upgraded

69854 [main] DEBUG Browser - [2016-02-17T17:45:50+0300] [INFO] 1455720349204	addons.manager	DEBUG	Loaded provider scope for resource://gre/modules/addons/XPIProvider.jsm: ["XPIProvider"]

69854 [main] DEBUG Browser - [2016-02-17T17:45:50+0300] [INFO] 1455720349207	addons.manager	DEBUG	Loaded provider scope for resource://gre/modules/LightweightThemeManager.jsm: ["LightweightThemeManager"]

69854 [main] DEBUG Browser - [2016-02-17T17:45:50+0300] [INFO] 1455720349211	addons.manager	DEBUG	Loaded provider scope for resource://gre/modules/addons/GMPProvider.jsm

69854 [main] DEBUG Browser - [2016-02-17T17:45:50+0300] [INFO] 1455720349214	addons.manager	DEBUG	Loaded provider scope for resource://gre/modules/addons/PluginProvider.jsm

69854 [main] DEBUG Browser - [2016-02-17T17:45:50+0300] [INFO] 1455720349214	addons.manager	DEBUG	Starting provider: XPIProvider

69854 [main] DEBUG Browser - [2016-02-17T17:45:50+0300] [INFO] 1455720349215	addons.xpi	DEBUG	startup

69855 [main] DEBUG Browser - [2016-02-17T17:45:50+0300] [INFO] 1455720349215	addons.xpi	INFO	Mapping fxdriver@googlecode.com to C:\Users\greg3d\AppData\Local\Temp\anonymous2640088537703147992webdriver-profile\extensions\fxdriver@googlecode.com

69855 [main] DEBUG Browser - [2016-02-17T17:45:50+0300] [INFO] 1455720349215	addons.xpi	DEBUG	Ignoring file entry whose name is not a valid add-on ID: C:\Users\greg3d\AppData\Local\Temp\anonymous2640088537703147992webdriver-profile\extensions\webdriver-staging

69855 [main] DEBUG Browser - [2016-02-17T17:45:50+0300] [INFO] 1455720349216	addons.xpi	INFO	SystemAddonInstallLocation directory is missing

69855 [main] DEBUG Browser - [2016-02-17T17:45:50+0300] [INFO] 1455720349217	addons.xpi	INFO	Mapping {972ce4c6-7e08-4474-a285-3208198ce6fd} to C:\Program Files (x86)\Mozilla Firefox\browser\extensions\{972ce4c6-7e08-4474-a285-3208198ce6fd}

69855 [main] DEBUG Browser - [2016-02-17T17:45:50+0300] [INFO] 1455720349218	addons.xpi	DEBUG	Skipping unavailable install location app-system-share

69855 [main] DEBUG Browser - [2016-02-17T17:45:50+0300] [INFO] 1455720349218	addons.xpi	DEBUG	Skipping unavailable install location app-system-local

69855 [main] DEBUG Browser - [2016-02-17T17:45:50+0300] [INFO] 1455720349218	addons.xpi	WARN	Ignoring missing add-on in C:\Users\greg3d\AppData\Roaming\Mozilla\Firefox\Profiles\3u2467iu.default-1395048282005\extensions\quick_start@gmail.com

69855 [main] DEBUG Browser - [2016-02-17T17:45:50+0300] [INFO] 1455720349218	addons.xpi	WARN	Ignoring missing add-on in C:\Users\greg3d\AppData\Roaming\Mozilla\Firefox\Profiles\3u2467iu.default-1395048282005\extensions\faststartff@gmail.com

69855 [main] DEBUG Browser - [2016-02-17T17:45:50+0300] [INFO] 1455720349218	addons.xpi	WARN	Ignoring missing add-on in C:\Program Files (x86)\Mozilla Firefox\extensions\termtutor@termtutor.com

69856 [main] DEBUG Browser - [2016-02-17T17:45:50+0300] [INFO] 1455720349219	addons.xpi	DEBUG	checkForChanges

69856 [main] DEBUG Browser - [2016-02-17T17:45:50+0300] [INFO] 1455720349219	addons.xpi	DEBUG	Loaded add-on state from prefs: {}

69856 [main] DEBUG Browser - [2016-02-17T17:45:50+0300] [INFO] 1455720349220	addons.xpi	DEBUG	New add-on fxdriver@googlecode.com in app-profile

69856 [main] DEBUG Browser - [2016-02-17T17:45:50+0300] [INFO] 1455720349220	addons.xpi	DEBUG	getModTime: Recursive scan of fxdriver@googlecode.com

69856 [main] DEBUG Browser - [2016-02-17T17:45:50+0300] [INFO] 1455720349225	addons.xpi	DEBUG	New add-on {972ce4c6-7e08-4474-a285-3208198ce6fd} in app-global

69856 [main] DEBUG Browser - [2016-02-17T17:45:50+0300] [INFO] 1455720349225	addons.xpi	DEBUG	getModTime: Recursive scan of {972ce4c6-7e08-4474-a285-3208198ce6fd}

69856 [main] DEBUG Browser - [2016-02-17T17:45:50+0300] [INFO] 1455720349226	addons.xpi	DEBUG	getInstallState changed: true, state: {"app-profile":{"fxdriver@googlecode.com":{"d":"C:\\Users\\greg3d\\AppData\\Local\\Temp\\anonymous2640088537703147992webdriver-profile\\extensions\\fxdriver@googlecode.com","st":1455720348132,"mt":1455720348070}},"app-global":{"{972ce4c6-7e08-4474-a285-3208198ce6fd}":{"d":"C:\\Program Files (x86)\\Mozilla Firefox\\browser\\extensions\\{972ce4c6-7e08-4474-a285-3208198ce6fd}","st":1455528240179,"mt":1455528239958}}}

69856 [main] DEBUG Browser - [2016-02-17T17:45:50+0300] [INFO] 1455720349234	addons.xpi-utils	DEBUG	Opening XPI database C:\Users\greg3d\AppData\Local\Temp\anonymous2640088537703147992webdriver-profile\extensions.json

69856 [main] DEBUG Browser - [2016-02-17T17:45:50+0300] [INFO] 1455720349235	addons.xpi-utils	DEBUG	New add-on fxdriver@googlecode.com installed in app-profile

69857 [main] DEBUG Browser - [2016-02-17T17:45:50+0300] [INFO] Blocklist::_loadBlocklistFromFile: blocklist is disabled

69857 [main] DEBUG Browser - [2016-02-17T17:45:50+0300] [INFO] 1455720349273	DeferredSave.extensions.json	DEBUG	Save changes

69857 [main] DEBUG Browser - [2016-02-17T17:45:50+0300] [INFO] 1455720349274	addons.xpi-utils	DEBUG	New add-on {972ce4c6-7e08-4474-a285-3208198ce6fd} installed in app-global

69857 [main] DEBUG Browser - [2016-02-17T17:45:50+0300] [INFO] 1455720349278	DeferredSave.extensions.json	DEBUG	Starting timer

69857 [main] DEBUG Browser - [2016-02-17T17:45:50+0300] [INFO] 1455720349279	DeferredSave.extensions.json	DEBUG	Save changes

69857 [main] DEBUG Browser - [2016-02-17T17:45:50+0300] [INFO] 1455720349279	addons.xpi-utils	INFO	Hiding the updated system add-ons.

69857 [main] DEBUG Browser - [2016-02-17T17:45:50+0300] [INFO] 1455720349279	addons.manager	DEBUG	Registering startup change 'installed' for fxdriver@googlecode.com

69857 [main] DEBUG Browser - [2016-02-17T17:45:50+0300] [INFO] 1455720349279	addons.xpi-utils	DEBUG	Make addon app-profile:fxdriver@googlecode.com visible

69857 [main] DEBUG Browser - [2016-02-17T17:45:50+0300] [INFO] 1455720349280	DeferredSave.extensions.json	DEBUG	Save changes

69858 [main] DEBUG Browser - [2016-02-17T17:45:50+0300] [INFO] 1455720349280	addons.xpi-utils	DEBUG	Make addon app-global:{972ce4c6-7e08-4474-a285-3208198ce6fd} visible

69858 [main] DEBUG Browser - [2016-02-17T17:45:50+0300] [INFO] 1455720349280	DeferredSave.extensions.json	DEBUG	Save changes

69858 [main] DEBUG Browser - [2016-02-17T17:45:50+0300] [INFO] 1455720349280	addons.xpi	DEBUG	Updating XPIState for {"id":"fxdriver@googlecode.com","syncGUID":"NeV9SwWwvslr","location":"app-profile","version":"2.51.0","type":"extension","internalName":null,"updateURL":null,"updateKey":null,"optionsURL":null,"optionsType":null,"aboutURL":null,"icons":{},"iconURL":null,"icon64URL":null,"defaultLocale":{"name":"Firefox WebDriver","description":"WebDriver implementation for Firefox","creator":"Simon Stewart","homepageURL":null},"visible":true,"active":true,"userDisabled":false,"appDisabled":false,"descriptor":"C:\\Users\\greg3d\\AppData\\Local\\Temp\\anonymous2640088537703147992webdriver-profile\\extensions\\fxdriver@googlecode.com","installDate":1455720348132,"updateDate":1455720348132,"applyBackgroundUpdates":1,"bootstrap":false,"size":3235247,"sourceURI":null,"releaseNotesURI":null,"softDisabled":false,"foreignInstall":true,"hasBinaryComponents":true,"strictCompatibility":false,"locales":[],"targetApplications":[{"id":"{ec8030f7-c20a-464f-9b0e-13a3a9e97384}","minVersion":"3.0","maxVersion":"47.0"}],"targetPlatforms":[{"os":"Darwin","abi":null},{"os":"SunOS","abi":null},{"os":"FreeBSD","abi":null},{"os":"OpenBSD","abi":null},{"os":"WINNT","abi":"x86-msvc"},{"os":"Linux","abi":null}],"multiprocessCompatible":false,"signedState":0}

69858 [main] DEBUG Browser - [2016-02-17T17:45:50+0300] [INFO] 1455720349280	addons.xpi	DEBUG	getModTime: Recursive scan of fxdriver@googlecode.com

69858 [main] DEBUG Browser - [2016-02-17T17:45:50+0300] [INFO] 1455720349284	addons.xpi	DEBUG	Updating XPIState for {"id":"{972ce4c6-7e08-4474-a285-3208198ce6fd}","syncGUID":"N45ZyFlH1bld","location":"app-global","version":"44.0.2","type":"theme","internalName":"classic/1.0","updateURL":null,"updateKey":null,"optionsURL":null,"optionsType":null,"aboutURL":null,"icons":{"32":"icon.png","48":"icon.png"},"iconURL":null,"icon64URL":null,"defaultLocale":{"name":"Default","description":"The default theme.","creator":"Mozilla","homepageURL":null,"contributors":["Mozilla Contributors"]},"visible":true,"active":true,"userDisabled":false,"appDisabled":false,"descriptor":"C:\\Program Files (x86)\\Mozilla Firefox\\browser\\extensions\\{972ce4c6-7e08-4474-a285-3208198ce6fd}","installDate":1455528240179,"updateDate":1455528240179,"applyBackgroundUpdates":1,"skinnable":true,"size":24172,"sourceURI":null,"releaseNotesURI":null,"softDisabled":false,"foreignInstall":false,"hasBinaryComponents":false,"strictCompatibility":true,"locales":[],"targetApplications":[{"id":"{ec8030f7-c20a-464f-9b0e-13a3a9e97384}","minVersion":"44.0.2","maxVersion":"44.0.2"}],"targetPlatforms":[]}

69858 [main] DEBUG Browser - [2016-02-17T17:45:50+0300] [INFO] 1455720349284	addons.xpi	DEBUG	getModTime: Recursive scan of {972ce4c6-7e08-4474-a285-3208198ce6fd}

69858 [main] DEBUG Browser - [2016-02-17T17:45:50+0300] [INFO] 1455720349285	DeferredSave.extensions.json	DEBUG	Save changes

69858 [main] DEBUG Browser - [2016-02-17T17:45:50+0300] [INFO] 1455720349286	addons.xpi	DEBUG	Updating database with changes to installed add-ons

69858 [main] DEBUG Browser - [2016-02-17T17:45:50+0300] [INFO] 1455720349286	addons.xpi-utils	DEBUG	Updating add-on states

69859 [main] DEBUG Browser - [2016-02-17T17:45:50+0300] [INFO] 1455720349287	addons.xpi-utils	DEBUG	Writing add-ons list

69859 [main] DEBUG Browser - [2016-02-17T17:45:50+0300] [INFO] 1455720349300	addons.manager	DEBUG	Registering shutdown blocker for XPIProvider

69859 [main] DEBUG Browser - [2016-02-17T17:45:50+0300] [INFO] 1455720349300	addons.manager	DEBUG	Provider finished startup: XPIProvider

69859 [main] DEBUG Browser - [2016-02-17T17:45:50+0300] [INFO] 1455720349300	addons.manager	DEBUG	Starting provider: LightweightThemeManager

69860 [main] DEBUG Browser - [2016-02-17T17:45:50+0300] [INFO] 1455720349300	addons.manager	DEBUG	Registering shutdown blocker for LightweightThemeManager

69860 [main] DEBUG Browser - [2016-02-17T17:45:50+0300] [INFO] 1455720349300	addons.manager	DEBUG	Provider finished startup: LightweightThemeManager

69860 [main] DEBUG Browser - [2016-02-17T17:45:50+0300] [INFO] 1455720349301	addons.manager	DEBUG	Starting provider: GMPProvider

69860 [main] DEBUG Browser - [2016-02-17T17:45:50+0300] [INFO] 1455720349307	addons.manager	DEBUG	Registering shutdown blocker for GMPProvider

69860 [main] DEBUG Browser - [2016-02-17T17:45:50+0300] [INFO] 1455720349307	addons.manager	DEBUG	Provider finished startup: GMPProvider

69860 [main] DEBUG Browser - [2016-02-17T17:45:50+0300] [INFO] 1455720349307	addons.manager	DEBUG	Starting provider: PluginProvider

69860 [main] DEBUG Browser - [2016-02-17T17:45:50+0300] [INFO] 1455720349307	addons.manager	DEBUG	Registering shutdown blocker for PluginProvider

69860 [main] DEBUG Browser - [2016-02-17T17:45:50+0300] [INFO] 1455720349308	addons.manager	DEBUG	Provider finished startup: PluginProvider

69860 [main] DEBUG Browser - [2016-02-17T17:45:50+0300] [INFO] 1455720349308	addons.manager	DEBUG	Completed startup sequence

69861 [main] DEBUG Browser - [2016-02-17T17:45:50+0300] [WARNING] Trying to re-register CID '{e26dbdcd-d3ba-4ded-88c3-6cb07ee3e9e0}' already registered by file:///C:/Users/greg3d/AppData/Local/Temp/anonymous2640088537703147992webdriver-profile/extensions/fxdriver@googlecode.com/components/prompt-service.js.
69861 [main] DEBUG Browser - [2016-02-17T17:45:50+0300] [WARNING] Only application manifests may use the 'binary-component' directive.
69861 [main] DEBUG Browser - [2016-02-17T17:45:50+0300] [INFO] While creating services from category 'profile-after-change', could not create service for entry 'Sapi Speech Synth', contract ID '@mozilla.org/synthsapi;1'

69861 [main] DEBUG Browser - [2016-02-17T17:45:50+0300] [INFO] 1455720349418	Toolkit.Telemetry	ERROR	ClientID::getCachedClientID - invalid client id in preferences, resetting: null
69861 [main] DEBUG Browser - [2016-02-17T17:45:50+0300] [INFO] 1455720349425	Toolkit.Telemetry	ERROR	ClientID::getCachedClientID - invalid client id in preferences, resetting: null
69861 [main] DEBUG Browser - [2016-02-17T17:45:50+0300] [INFO] 1455720349548	addons.manager	DEBUG	Starting provider: <unnamed-provider>

69861 [main] DEBUG Browser - [2016-02-17T17:45:50+0300] [INFO] 1455720349548	addons.manager	DEBUG	Registering shutdown blocker for <unnamed-provider>

69861 [main] DEBUG Browser - [2016-02-17T17:45:50+0300] [INFO] 1455720349548	addons.manager	DEBUG	Provider finished startup: <unnamed-provider>

69861 [main] DEBUG Browser - [2016-02-17T17:45:50+0300] [INFO] Warning: unrecognized command line flag -foreground

69862 [main] DEBUG Browser - [2016-02-17T17:45:50+0300] [INFO] 1455720349643	DeferredSave.extensions.json	DEBUG	Starting write

69862 [main] DEBUG Browser - [2016-02-17T17:45:50+0300] [INFO] 1455720349993	addons.repository	DEBUG	No addons.json found.

69862 [main] DEBUG Browser - [2016-02-17T17:45:50+0300] [INFO] 1455720349994	DeferredSave.addons.json	DEBUG	Save changes

69862 [main] DEBUG Browser - [2016-02-17T17:45:50+0300] [INFO] 1455720349996	DeferredSave.addons.json	DEBUG	Starting timer

69862 [main] DEBUG Browser - [2016-02-17T17:45:50+0300] [INFO] 1455720350008	addons.manager	DEBUG	Starting provider: PreviousExperimentProvider

69862 [main] DEBUG Browser - [2016-02-17T17:45:50+0300] [INFO] 1455720350008	addons.manager	DEBUG	Registering shutdown blocker for PreviousExperimentProvider

69862 [main] DEBUG Browser - [2016-02-17T17:45:50+0300] [INFO] 1455720350009	addons.manager	DEBUG	Provider finished startup: PreviousExperimentProvider

69862 [main] DEBUG Browser - [2016-02-17T17:45:50+0300] [INFO] 1455720350012	DeferredSave.extensions.json	DEBUG	Write succeeded

69863 [main] DEBUG Browser - [2016-02-17T17:45:50+0300] [INFO] 1455720350012	addons.xpi-utils	DEBUG	XPI Database saved, setting schema version preference to 17

69863 [main] DEBUG Browser - [2016-02-17T17:45:50+0300] [INFO] 1455720350192	DeferredSave.addons.json	DEBUG	Starting write

69863 [main] DEBUG Browser - [2016-02-17T17:45:51+0300] [INFO] 1455720351299	DeferredSave.addons.json	DEBUG	Write succeeded

69863 [main] DEBUG Browser - [2016-02-17T17:45:56+0300] [INFO] 1455720356327	Browser.SelfSupportBackend	ERROR	_loadSelfSupport - Non HTTPS URL provided: 
69863 [main] DEBUG Browser - [2016-02-17T17:46:39+0300] [INFO] 1455720399163	Toolkit.Telemetry	ERROR	ClientID::getCachedClientID - invalid client id in preferences, resetting: null
69863 [main] DEBUG Browser - [2016-02-17T17:46:51+0300] [INFO] 1455720411073	addons.productaddons	INFO	sending request to: https://aus5.mozilla.org/update/3/GMP/44.0.2/20160210153822/WINNT_x86-msvc-x64/ru/release/Windows_NT%206.1.1.0%20(x64)/default/default/update.xml

69863 [main] DEBUG Browser - [2016-02-17T17:46:51+0300] [INFO] 1455720411654	addons.productaddons	INFO	Completed downloading document

69863 [main] DEBUG Browser - [2016-02-17T17:46:51+0300] [INFO] 1455720411702	addons.productaddons	INFO	Downloading from https://cdmdownload.adobe.com/firefox/win/x86/primetime_gmp_win_x86_gmc_30527.1.zip to C:\Users\greg3d\AppData\Local\Temp\tmpaddon

69864 [main] DEBUG Browser - [2016-02-17T17:46:54+0300] [INFO] 1455720414641	addons.productaddons	INFO	Downloading from http://ciscobinary.openh264.org/openh264-win32-2706e36bf0a8b7c539c803ed877148c005ffca59.zip to C:\Users\greg3d\AppData\Local\Temp\tmpaddon

70917 [main] DEBUG ru.greg3d.TracingWebDriver - get(...) = null
70917 [main] DEBUG ru.greg3d.TracingWebDriver - findElement()
70917 [main] DEBUG ru.greg3d.TracingWebDriver - findElement(By.id: username)
70939 [main] DEBUG Browser - [2016-02-17T17:46:56+0300] [WARNING] Ожидалось «none», «URL» или функция фильтра, но найдено «Alpha(».  Ошибка при парсинге значения «filter».  Потерянное объявление.
70940 [main] DEBUG Browser - [2016-02-17T17:46:56+0300] [WARNING] Неизвестное свойство «zoom».  Потерянное объявление.
70940 [main] DEBUG Browser - [2016-02-17T17:46:56+0300] [WARNING] Неизвестное свойство «zoom».  Потерянное объявление.
70940 [main] DEBUG Browser - [2016-02-17T17:46:56+0300] [WARNING] Неизвестное свойство «zoom».  Потерянное объявление.
70941 [main] DEBUG Browser - [2016-02-17T17:46:56+0300] [WARNING] Неизвестное свойство «zoom».  Потерянное объявление.
70941 [main] DEBUG Browser - [2016-02-17T17:46:56+0300] [WARNING] Неизвестное свойство «zoom».  Потерянное объявление.
70941 [main] DEBUG Browser - [2016-02-17T17:46:56+0300] [WARNING] Ожидалось «none», «URL» или функция фильтра, но найдено «mask(».  Ошибка при парсинге значения «filter».  Потерянное объявление.
70941 [main] DEBUG Browser - [2016-02-17T17:46:56+0300] [WARNING] Неизвестное свойство «zoom».  Потерянное объявление.
70941 [main] DEBUG Browser - [2016-02-17T17:46:56+0300] [WARNING] Неизвестное свойство «zoom».  Потерянное объявление.
70941 [main] DEBUG Browser - [2016-02-17T17:46:56+0300] [WARNING] Ожидалось «none», «URL» или функция фильтра, но найдено «Alpha(».  Ошибка при парсинге значения «filter».  Потерянное объявление.
70941 [main] DEBUG Browser - [2016-02-17T17:46:56+0300] [WARNING] Ожидалось «none», «URL» или функция фильтра, но найдено «Alpha(».  Ошибка при парсинге значения «filter».  Потерянное объявление.
70941 [main] DEBUG Browser - [2016-02-17T17:46:56+0300] [WARNING] Неизвестное свойство «-moz-border-radius-topleft».  Потерянное объявление.
70942 [main] DEBUG Browser - [2016-02-17T17:46:56+0300] [WARNING] Неизвестное свойство «-moz-border-radius-topright».  Потерянное объявление.
70942 [main] DEBUG Browser - [2016-02-17T17:46:56+0300] [WARNING] Неизвестное свойство «-moz-border-radius-bottomleft».  Потерянное объявление.
70942 [main] DEBUG Browser - [2016-02-17T17:46:56+0300] [WARNING] Неизвестное свойство «-moz-border-radius-bottomright».  Потерянное объявление.
70942 [main] DEBUG Browser - [2016-02-17T17:46:56+0300] [WARNING] Ожидалось «none», «URL» или функция фильтра, но найдено «Alpha(».  Ошибка при парсинге значения «filter».  Потерянное объявление.
70942 [main] DEBUG Browser - [2016-02-17T17:46:56+0300] [WARNING] Ожидалось «none», «URL» или функция фильтра, но найдено «Alpha(».  Ошибка при парсинге значения «filter».  Потерянное объявление.
70942 [main] DEBUG Browser - [2016-02-17T17:46:56+0300] [WARNING] Неизвестное свойство «-moz-border-radius».  Потерянное объявление.
70942 [main] DEBUG Browser - [2016-02-17T17:46:56+0300] [WARNING] Неизвестное свойство «zoom».  Потерянное объявление.
70942 [main] DEBUG Browser - [2016-02-17T17:46:56+0300] [WARNING] Ожидалось «none», «URL» или функция фильтра, но найдено «chroma(».  Ошибка при парсинге значения «filter».  Потерянное объявление.
71067 [main] DEBUG ru.greg3d.TracingWebDriver - findElement(...) = [[FirefoxDriver: firefox on WINDOWS (f2e2772d-2c92-4067-9e52-2f29809ccde1)] -> id: username]
71105 [main] DEBUG ru.greg3d.events.WebEventListener - beforeChangeValueOf: '[[FirefoxDriver: firefox on WINDOWS (f2e2772d-2c92-4067-9e52-2f29809ccde1)] -> id: username]'
71202 [main] DEBUG ru.greg3d.events.WebEventListener - afterChangeValueOf: '[[FirefoxDriver: firefox on WINDOWS (f2e2772d-2c92-4067-9e52-2f29809ccde1)] -> id: username]'
71231 [main] DEBUG ru.greg3d.events.WebEventListener - beforeChangeValueOf: '[[FirefoxDriver: firefox on WINDOWS (f2e2772d-2c92-4067-9e52-2f29809ccde1)] -> id: username]'
71314 [main] DEBUG ru.greg3d.events.WebEventListener - afterChangeValueOf: '[[FirefoxDriver: firefox on WINDOWS (f2e2772d-2c92-4067-9e52-2f29809ccde1)] -> id: username]'admin
71315 [main] DEBUG ru.greg3d.TracingWebDriver - findElement()
71315 [main] DEBUG ru.greg3d.TracingWebDriver - findElement(By.name: password)
71335 [main] DEBUG Browser - [2016-02-17T17:46:57+0300] [WARNING] Метод getAttributeNode() является устаревшим. Для его замены используйте метод getAttribute().
71336 [main] DEBUG Browser - [2016-02-17T17:46:57+0300] [WARNING] Метод getPreventDefault() является устаревшим. Для его замены используйте метод defaultPrevented.
71338 [main] DEBUG Browser - [2016-02-17T17:46:57+0300] [WARNING] Данный Key event недоступен при использовании некоторых раскладок клавиатуры: ключ=«c» модификаторы=«accel,alt»
71343 [main] DEBUG Browser - [2016-02-17T17:46:57+0300] [WARNING] Данный Key event недоступен при использовании некоторых раскладок клавиатуры: ключ=«i» модификаторы=«accel,alt,shift»
71416 [main] DEBUG ru.greg3d.TracingWebDriver - findElement(...) = [[FirefoxDriver: firefox on WINDOWS (f2e2772d-2c92-4067-9e52-2f29809ccde1)] -> name: password]
71441 [main] DEBUG ru.greg3d.events.WebEventListener - beforeChangeValueOf: '[[FirefoxDriver: firefox on WINDOWS (f2e2772d-2c92-4067-9e52-2f29809ccde1)] -> name: password]'
71519 [main] DEBUG ru.greg3d.events.WebEventListener - afterChangeValueOf: '[[FirefoxDriver: firefox on WINDOWS (f2e2772d-2c92-4067-9e52-2f29809ccde1)] -> name: password]'
71545 [main] DEBUG ru.greg3d.events.WebEventListener - beforeChangeValueOf: '[[FirefoxDriver: firefox on WINDOWS (f2e2772d-2c92-4067-9e52-2f29809ccde1)] -> name: password]'
71628 [main] DEBUG ru.greg3d.events.WebEventListener - afterChangeValueOf: '[[FirefoxDriver: firefox on WINDOWS (f2e2772d-2c92-4067-9e52-2f29809ccde1)] -> name: password]'admin_
71628 [main] DEBUG ru.greg3d.TracingWebDriver - findElement()
71628 [main] DEBUG ru.greg3d.TracingWebDriver - findElement(By.name: submit)
71666 [main] DEBUG ru.greg3d.TracingWebDriver - findElement(...) = [[FirefoxDriver: firefox on WINDOWS (f2e2772d-2c92-4067-9e52-2f29809ccde1)] -> name: submit]
71666 [main] DEBUG ru.greg3d.events.WebEventListener - beforeClickOn '[[FirefoxDriver: firefox on WINDOWS (f2e2772d-2c92-4067-9e52-2f29809ccde1)] -> name: submit]'
72157 [main] DEBUG ru.greg3d.events.WebEventListener - afterClickOn '[[FirefoxDriver: firefox on WINDOWS (f2e2772d-2c92-4067-9e52-2f29809ccde1)] -> name: submit]'
72225 [main] DEBUG ru.greg3d.TracingWebDriver - getCurrentUrl()
72225 [main] DEBUG ru.greg3d.TracingWebDriver - getCurrentUrl()
72247 [main] DEBUG Browser - [2016-02-17T17:46:57+0300] [WARNING] Ожидалось «none», «URL» или функция фильтра, но найдено «Alpha(».  Ошибка при парсинге значения «filter».  Потерянное объявление.
72247 [main] DEBUG Browser - [2016-02-17T17:46:57+0300] [WARNING] Неизвестное свойство «zoom».  Потерянное объявление.
72258 [main] DEBUG Browser - [2016-02-17T17:46:57+0300] [WARNING] Неизвестное свойство «zoom».  Потерянное объявление.
72261 [main] DEBUG Browser - [2016-02-17T17:46:57+0300] [WARNING] Неизвестное свойство «zoom».  Потерянное объявление.
72261 [main] DEBUG Browser - [2016-02-17T17:46:57+0300] [WARNING] Неизвестное свойство «zoom».  Потерянное объявление.
72262 [main] DEBUG Browser - [2016-02-17T17:46:57+0300] [WARNING] Неизвестное свойство «zoom».  Потерянное объявление.
72263 [main] DEBUG Browser - [2016-02-17T17:46:57+0300] [WARNING] Ожидалось «none», «URL» или функция фильтра, но найдено «mask(».  Ошибка при парсинге значения «filter».  Потерянное объявление.
72263 [main] DEBUG Browser - [2016-02-17T17:46:57+0300] [WARNING] Неизвестное свойство «zoom».  Потерянное объявление.
72263 [main] DEBUG Browser - [2016-02-17T17:46:57+0300] [WARNING] Неизвестное свойство «zoom».  Потерянное объявление.
72265 [main] DEBUG Browser - [2016-02-17T17:46:57+0300] [WARNING] Ожидалось «none», «URL» или функция фильтра, но найдено «Alpha(».  Ошибка при парсинге значения «filter».  Потерянное объявление.
72266 [main] DEBUG Browser - [2016-02-17T17:46:57+0300] [WARNING] Ожидалось «none», «URL» или функция фильтра, но найдено «Alpha(».  Ошибка при парсинге значения «filter».  Потерянное объявление.
72266 [main] DEBUG Browser - [2016-02-17T17:46:57+0300] [WARNING] Неизвестное свойство «-moz-border-radius-topleft».  Потерянное объявление.
72266 [main] DEBUG Browser - [2016-02-17T17:46:57+0300] [WARNING] Неизвестное свойство «-moz-border-radius-topright».  Потерянное объявление.
72266 [main] DEBUG Browser - [2016-02-17T17:46:58+0300] [WARNING] Неизвестное свойство «-moz-border-radius-bottomleft».  Потерянное объявление.
72266 [main] DEBUG Browser - [2016-02-17T17:46:58+0300] [WARNING] Неизвестное свойство «-moz-border-radius-bottomright».  Потерянное объявление.
72266 [main] DEBUG Browser - [2016-02-17T17:46:58+0300] [WARNING] Ожидалось «none», «URL» или функция фильтра, но найдено «Alpha(».  Ошибка при парсинге значения «filter».  Потерянное объявление.
72266 [main] DEBUG Browser - [2016-02-17T17:46:58+0300] [WARNING] Ожидалось «none», «URL» или функция фильтра, но найдено «Alpha(».  Ошибка при парсинге значения «filter».  Потерянное объявление.
72266 [main] DEBUG Browser - [2016-02-17T17:46:58+0300] [WARNING] Неизвестное свойство «-moz-border-radius».  Потерянное объявление.
72267 [main] DEBUG Browser - [2016-02-17T17:46:58+0300] [WARNING] Неизвестное свойство «zoom».  Потерянное объявление.
72267 [main] DEBUG Browser - [2016-02-17T17:46:58+0300] [WARNING] Ожидалось «none», «URL» или функция фильтра, но найдено «chroma(».  Ошибка при парсинге значения «filter».  Потерянное объявление.
72293 [main] DEBUG ru.greg3d.TracingWebDriver - getCurrentUrl(...) = http://localhost/php4dvd/
