<?xml version="1.0" encoding="UTF-8"?>
<!-- Generated by org.testng.reporters.JUnitXMLReporter -->
<testsuite hostname="Home-Ubuntu" name="Default test" tests="6" failures="0" timestamp="16 Feb 2016 21:47:08 GMT" time="12.119" errors="0">
  <testcase name="addCorrectRecord" time="2.209" classname="ru.greg3d.Lesson2TestCoplect"/>
  <testcase name="addWrongRecord" time="1.115" classname="ru.greg3d.Lesson2TestCoplect"/>
  <testcase name="addWrongRecord" time="1.164" classname="ru.greg3d.Lesson2TestCoplect"/>
  <testcase name="deleteRecord" time="1.181" classname="ru.greg3d.Lesson2TestCoplect"/>
  <testcase name="testSearchFirstRecord" time="0.561" classname="ru.greg3d.Lesson2TestCoplect"/>
  <testcase name="testUnSearchFirstRecord" time="0.423" classname="ru.greg3d.Lesson2TestCoplect"/>
</testsuite> <!-- Default test -->
