<?xml version="1.0" encoding="UTF-8"?>
<!-- Generated by org.testng.reporters.JUnitXMLReporter -->
<testsuite hostname="Home-Ubuntu" name="Default test" tests="6" failures="0" timestamp="16 Feb 2016 23:19:09 GMT" time="11.102" errors="0">
  <testcase name="addCorrectRecord" time="1.808" classname="ru.greg3d.Lesson2TestComplect"/>
  <testcase name="addWrongRecord" time="0.83" classname="ru.greg3d.Lesson2TestComplect"/>
  <testcase name="addWrongRecord" time="1.148" classname="ru.greg3d.Lesson2TestComplect"/>
  <testcase name="deleteRecord" time="1.566" classname="ru.greg3d.Lesson2TestComplect"/>
  <testcase name="testSearchFirstRecord" time="0.465" classname="ru.greg3d.Lesson2TestComplect"/>
  <testcase name="testUnSearchFirstRecord" time="0.333" classname="ru.greg3d.Lesson2TestComplect"/>
</testsuite> <!-- Default test -->
