<?xml version="1.0" encoding="UTF-8"?>
<testng-results skipped="0" failed="0" total="6" passed="6">
  <reporter-output>
  </reporter-output>
  <suite name="Default suite" duration-ms="37279" started-at="2016-02-18T09:08:56Z" finished-at="2016-02-18T09:09:34Z">
    <groups>
    </groups>
    <test name="Default test" duration-ms="37279" started-at="2016-02-18T09:08:56Z" finished-at="2016-02-18T09:09:34Z">
      <class name="ru.greg3d.Lesson2TestComplect">
        <test-method status="PASS" signature="SuiteSetup()[pri:0, instance:ru.greg3d.Lesson2TestComplect@2357d90a]" name="SuiteSetup" is-config="true" duration-ms="7814" started-at="2016-02-18T12:08:49Z" finished-at="2016-02-18T12:08:56Z">
          <reporter-output>
          </reporter-output>
        </test-method> <!-- SuiteSetup -->
        <test-method status="PASS" signature="DoLoginTest()[pri:0, instance:ru.greg3d.Lesson2TestComplect@2357d90a]" name="DoLoginTest" is-config="true" duration-ms="11135" started-at="2016-02-18T12:08:57Z" finished-at="2016-02-18T12:09:08Z">
          <reporter-output>
          </reporter-output>
        </test-method> <!-- DoLoginTest -->
        <test-method status="PASS" signature="goHome()[pri:0, instance:ru.greg3d.Lesson2TestComplect@2357d90a]" name="goHome" is-config="true" duration-ms="1418" started-at="2016-02-18T12:09:08Z" finished-at="2016-02-18T12:09:09Z">
          <reporter-output>
          </reporter-output>
        </test-method> <!-- goHome -->
        <test-method status="PASS" signature="addCorrectRecord()[pri:0, instance:ru.greg3d.Lesson2TestComplect@2357d90a]" name="addCorrectRecord" duration-ms="7683" started-at="2016-02-18T12:09:09Z" finished-at="2016-02-18T12:09:17Z">
          <reporter-output>
          </reporter-output>
        </test-method> <!-- addCorrectRecord -->
        <test-method status="PASS" signature="goHome()[pri:0, instance:ru.greg3d.Lesson2TestComplect@2357d90a]" name="goHome" is-config="true" duration-ms="1459" started-at="2016-02-18T12:09:17Z" finished-at="2016-02-18T12:09:18Z">
          <reporter-output>
          </reporter-output>
        </test-method> <!-- goHome -->
        <test-method status="PASS" signature="addWrongRecord(java.lang.String)[pri:0, instance:ru.greg3d.Lesson2TestComplect@2357d90a]" name="addWrongRecord" duration-ms="2174" started-at="2016-02-18T12:09:18Z" data-provider="necessaryFilmFieldsDataProvider" finished-at="2016-02-18T12:09:20Z">
          <params>
            <param index="0">
              <value>
                <![CDATA[Tytle]]>
              </value>
            </param>
          </params>
          <reporter-output>
          </reporter-output>
        </test-method> <!-- addWrongRecord -->
        <test-method status="PASS" signature="goHome()[pri:0, instance:ru.greg3d.Lesson2TestComplect@2357d90a]" name="goHome" is-config="true" duration-ms="1354" started-at="2016-02-18T12:09:20Z" finished-at="2016-02-18T12:09:22Z">
          <reporter-output>
          </reporter-output>
        </test-method> <!-- goHome -->
        <test-method status="PASS" signature="addWrongRecord(java.lang.String)[pri:0, instance:ru.greg3d.Lesson2TestComplect@2357d90a]" name="addWrongRecord" duration-ms="2112" started-at="2016-02-18T12:09:22Z" data-provider="necessaryFilmFieldsDataProvider" finished-at="2016-02-18T12:09:24Z">
          <params>
            <param index="0">
              <value>
                <![CDATA[Year]]>
              </value>
            </param>
          </params>
          <reporter-output>
          </reporter-output>
        </test-method> <!-- addWrongRecord -->
        <test-method status="PASS" signature="goHome()[pri:0, instance:ru.greg3d.Lesson2TestComplect@2357d90a]" name="goHome" is-config="true" duration-ms="1276" started-at="2016-02-18T12:09:24Z" finished-at="2016-02-18T12:09:25Z">
          <reporter-output>
          </reporter-output>
        </test-method> <!-- goHome -->
        <test-method status="PASS" signature="deleteRecord()[pri:0, instance:ru.greg3d.Lesson2TestComplect@2357d90a]" name="deleteRecord" duration-ms="3081" started-at="2016-02-18T12:09:25Z" finished-at="2016-02-18T12:09:28Z">
          <reporter-output>
          </reporter-output>
        </test-method> <!-- deleteRecord -->
        <test-method status="PASS" signature="goHome()[pri:0, instance:ru.greg3d.Lesson2TestComplect@2357d90a]" name="goHome" is-config="true" duration-ms="1330" started-at="2016-02-18T12:09:28Z" finished-at="2016-02-18T12:09:30Z">
          <reporter-output>
          </reporter-output>
        </test-method> <!-- goHome -->
        <test-method status="PASS" signature="testSearchFirstRecord()[pri:0, instance:ru.greg3d.Lesson2TestComplect@2357d90a]" name="testSearchFirstRecord" duration-ms="1504" started-at="2016-02-18T12:09:30Z" finished-at="2016-02-18T12:09:31Z">
          <reporter-output>
          </reporter-output>
        </test-method> <!-- testSearchFirstRecord -->
        <test-method status="PASS" signature="goHome()[pri:0, instance:ru.greg3d.Lesson2TestComplect@2357d90a]" name="goHome" is-config="true" duration-ms="1271" started-at="2016-02-18T12:09:31Z" finished-at="2016-02-18T12:09:32Z">
          <reporter-output>
          </reporter-output>
        </test-method> <!-- goHome -->
        <test-method status="PASS" signature="testUnSearchFirstRecord()[pri:0, instance:ru.greg3d.Lesson2TestComplect@2357d90a]" name="testUnSearchFirstRecord" duration-ms="1422" started-at="2016-02-18T12:09:32Z" finished-at="2016-02-18T12:09:34Z">
          <reporter-output>
          </reporter-output>
        </test-method> <!-- testUnSearchFirstRecord -->
        <test-method status="PASS" signature="tearDown()[pri:0, instance:ru.greg3d.Lesson2TestComplect@2357d90a]" name="tearDown" is-config="true" duration-ms="690" started-at="2016-02-18T12:09:34Z" finished-at="2016-02-18T12:09:34Z">
          <reporter-output>
          </reporter-output>
        </test-method> <!-- tearDown -->
      </class> <!-- ru.greg3d.Lesson2TestComplect -->
    </test> <!-- Default test -->
  </suite> <!-- Default suite -->
</testng-results>
